Using pre-set license
Built from '2022.3/staging' branch; Version is '2022.3.10f1 (ff3792e53c62) revision 16725906'; Using compiler version '192829333'; Build Type 'Release'
OS: 'Windows 11  (10.0.22621) 64bit Professional' Language: 'es' Physical Memory: 16305 MB
BatchMode: 1, IsHumanControllingUs: 0, StartBugReporterOnCrash: 0, Is64bit: 1, IsPro: 1

COMMAND LINE ARGUMENTS:
C:\Program Files\Unity\Hub\Editor\2022.3.10f1\Editor\Unity.exe
-adb2
-batchMode
-noUpm
-name
AssetImportWorker9
-projectPath
D:/_Storage/_Storage/_Proyectos/_UOC/Programacion/PEC1/PEC1 Ethan Navarro/UnJuegoDeAventuras
-logFile
Logs/AssetImportWorker9.log
-srvPort
62657
Successfully changed project path to: D:/_Storage/_Storage/_Proyectos/_UOC/Programacion/PEC1/PEC1 Ethan Navarro/UnJuegoDeAventuras
D:/_Storage/_Storage/_Proyectos/_UOC/Programacion/PEC1/PEC1 Ethan Navarro/UnJuegoDeAventuras
[UnityMemory] Configuration Parameters - Can be set up in boot.config
    "memorysetup-bucket-allocator-granularity=16"
    "memorysetup-bucket-allocator-bucket-count=8"
    "memorysetup-bucket-allocator-block-size=33554432"
    "memorysetup-bucket-allocator-block-count=8"
    "memorysetup-main-allocator-block-size=16777216"
    "memorysetup-thread-allocator-block-size=16777216"
    "memorysetup-gfx-main-allocator-block-size=16777216"
    "memorysetup-gfx-thread-allocator-block-size=16777216"
    "memorysetup-cache-allocator-block-size=4194304"
    "memorysetup-typetree-allocator-block-size=2097152"
    "memorysetup-profiler-bucket-allocator-granularity=16"
    "memorysetup-profiler-bucket-allocator-bucket-count=8"
    "memorysetup-profiler-bucket-allocator-block-size=33554432"
    "memorysetup-profiler-bucket-allocator-block-count=8"
    "memorysetup-profiler-allocator-block-size=16777216"
    "memorysetup-profiler-editor-allocator-block-size=1048576"
    "memorysetup-temp-allocator-size-main=16777216"
    "memorysetup-job-temp-allocator-block-size=2097152"
    "memorysetup-job-temp-allocator-block-size-background=1048576"
    "memorysetup-job-temp-allocator-reduction-small-platforms=262144"
    "memorysetup-allocator-temp-initial-block-size-main=262144"
    "memorysetup-allocator-temp-initial-block-size-worker=262144"
    "memorysetup-temp-allocator-size-background-worker=32768"
    "memorysetup-temp-allocator-size-job-worker=262144"
    "memorysetup-temp-allocator-size-preload-manager=33554432"
    "memorysetup-temp-allocator-size-nav-mesh-worker=65536"
    "memorysetup-temp-allocator-size-audio-worker=65536"
    "memorysetup-temp-allocator-size-cloud-worker=32768"
    "memorysetup-temp-allocator-size-gi-baking-worker=262144"
    "memorysetup-temp-allocator-size-gfx=262144"
Player connection [1764] Host "[IP] 192.168.1.40 [Port] 0 [Flags] 2 [Guid] 3233535763 [EditorId] 3233535763 [Version] 1048832 [Id] WindowsEditor(7,DESKTOP-E5NVDQJ) [Debug] 1 [PackageName] WindowsEditor [ProjectName] Editor" joined multi-casting on [225.0.0.222:54997]...

Player connection [1764] Host "[IP] 192.168.1.40 [Port] 0 [Flags] 2 [Guid] 3233535763 [EditorId] 3233535763 [Version] 1048832 [Id] WindowsEditor(7,DESKTOP-E5NVDQJ) [Debug] 1 [PackageName] WindowsEditor [ProjectName] Editor" joined alternative multi-casting on [225.0.0.222:34997]...

[Physics::Module] Initialized MultithreadedJobDispatcher with 15 workers.
Refreshing native plugins compatible for Editor in 193.31 ms, found 3 plugins.
Preloading 0 native plugins for Editor in 0.00 ms.
Initialize engine version: 2022.3.10f1 (ff3792e53c62)
[Subsystems] Discovering subsystems at path C:/Program Files/Unity/Hub/Editor/2022.3.10f1/Editor/Data/Resources/UnitySubsystems
[Subsystems] Discovering subsystems at path D:/_Storage/_Storage/_Proyectos/_UOC/Programacion/PEC1/PEC1 Ethan Navarro/UnJuegoDeAventuras/Assets
GfxDevice: creating device client; threaded=0; jobified=0
Direct3D:
    Version:  Direct3D 11.0 [level 11.1]
    Renderer: NVIDIA GeForce GTX 1660 (ID=0x2184)
    Vendor:   NVIDIA
    VRAM:     5980 MB
    Driver:   31.0.15.3623
Initialize mono
Mono path[0] = 'C:/Program Files/Unity/Hub/Editor/2022.3.10f1/Editor/Data/Managed'
Mono path[1] = 'C:/Program Files/Unity/Hub/Editor/2022.3.10f1/Editor/Data/MonoBleedingEdge/lib/mono/unityjit-win32'
Mono config path = 'C:/Program Files/Unity/Hub/Editor/2022.3.10f1/Editor/Data/MonoBleedingEdge/etc'
Using monoOptions --debugger-agent=transport=dt_socket,embedding=1,server=y,suspend=n,address=127.0.0.1:56980
Begin MonoManager ReloadAssembly
Registering precompiled unity dll's ...
Register platform support module: C:/Program Files/Unity/Hub/Editor/2022.3.10f1/Editor/Data/PlaybackEngines/MacStandaloneSupport/UnityEditor.OSXStandalone.Extensions.dll
Register platform support module: C:/Program Files/Unity/Hub/Editor/2022.3.10f1/Editor/Data/PlaybackEngines/AndroidPlayer/UnityEditor.Android.Extensions.dll
Register platform support module: C:/Program Files/Unity/Hub/Editor/2022.3.10f1/Editor/Data/PlaybackEngines/iOSSupport/UnityEditor.iOS.Extensions.dll
Register platform support module: C:/Program Files/Unity/Hub/Editor/2022.3.10f1/Editor/Data/PlaybackEngines/WindowsStandaloneSupport/UnityEditor.WindowsStandalone.Extensions.dll
Registered in 0.025442 seconds.
- Loaded All Assemblies, in  0.528 seconds
Native extension for WindowsStandalone target not found
[usbmuxd] Start listen thread
[usbmuxd] Listen thread started
[usbmuxd] Send listen message
Native extension for iOS target not found
Native extension for Android target not found
Android Extension - Scanning For ADB Devices 592 ms
Native extension for OSXStandalone target not found
Mono: successfully reloaded assembly
- Finished resetting the current domain, in  1.050 seconds
Domain Reload Profiling: 1573ms
	BeginReloadAssembly (168ms)
		ExecutionOrderSort (0ms)
		DisableScriptedObjects (0ms)
		BackupInstance (0ms)
		ReleaseScriptingObjects (0ms)
		CreateAndSetChildDomain (1ms)
	RebuildCommonClasses (48ms)
	RebuildNativeTypeToScriptingClass (14ms)
	initialDomainReloadingComplete (100ms)
	LoadAllAssembliesAndSetupDomain (192ms)
		LoadAssemblies (166ms)
		RebuildTransferFunctionScriptingTraits (0ms)
		AnalyzeDomain (189ms)
			TypeCache.Refresh (187ms)
				TypeCache.ScanAssembly (172ms)
			ScanForSourceGeneratedMonoScriptInfo (0ms)
			ResolveRequiredComponents (1ms)
	FinalizeReload (1050ms)
		ReleaseScriptCaches (0ms)
		RebuildScriptCaches (0ms)
		SetupLoadedEditorAssemblies (979ms)
			LogAssemblyErrors (0ms)
			InitializePlatformSupportModulesInManaged (785ms)
			SetLoadedEditorAssemblies (5ms)
			RefreshPlugins (0ms)
			BeforeProcessingInitializeOnLoad (3ms)
			ProcessInitializeOnLoadAttributes (123ms)
			ProcessInitializeOnLoadMethodAttributes (63ms)
			AfterProcessingInitializeOnLoad (0ms)
			EditorAssembliesLoaded (0ms)
		ExecutionOrderSort2 (0ms)
		AwakeInstancesAfterBackupRestoration (0ms)
========================================================================
Worker process is ready to serve import requests
Begin MonoManager ReloadAssembly
- Loaded All Assemblies, in  1.157 seconds
Refreshing native plugins compatible for Editor in 5.15 ms, found 3 plugins.
Native extension for WindowsStandalone target not found
Native extension for iOS target not found
Native extension for Android target not found
Native extension for OSXStandalone target not found
Package Manager log level set to [2]
[Package Manager] Server::EnsureServerProcessIsRunning -- launch failed, reason: Unity was launched with the -noUpm command-line argument
[Package Manager] UpmClient::Send -- Unable to send message (not connected to UPM process).
[Package Manager] Cannot connect to Unity Package Manager local server
Mono: successfully reloaded assembly
- Finished resetting the current domain, in  1.132 seconds
Domain Reload Profiling: 2285ms
	BeginReloadAssembly (202ms)
		ExecutionOrderSort (0ms)
		DisableScriptedObjects (7ms)
		BackupInstance (0ms)
		ReleaseScriptingObjects (0ms)
		CreateAndSetChildDomain (31ms)
	RebuildCommonClasses (44ms)
	RebuildNativeTypeToScriptingClass (14ms)
	initialDomainReloadingComplete (43ms)
	LoadAllAssembliesAndSetupDomain (849ms)
		LoadAssemblies (646ms)
		RebuildTransferFunctionScriptingTraits (0ms)
		AnalyzeDomain (321ms)
			TypeCache.Refresh (271ms)
				TypeCache.ScanAssembly (246ms)
			ScanForSourceGeneratedMonoScriptInfo (35ms)
			ResolveRequiredComponents (13ms)
	FinalizeReload (1132ms)
		ReleaseScriptCaches (0ms)
		RebuildScriptCaches (0ms)
		SetupLoadedEditorAssemblies (901ms)
			LogAssemblyErrors (0ms)
			InitializePlatformSupportModulesInManaged (56ms)
			SetLoadedEditorAssemblies (5ms)
			RefreshPlugins (0ms)
			BeforeProcessingInitializeOnLoad (104ms)
			ProcessInitializeOnLoadAttributes (645ms)
			ProcessInitializeOnLoadMethodAttributes (79ms)
			AfterProcessingInitializeOnLoad (13ms)
			EditorAssembliesLoaded (0ms)
		ExecutionOrderSort2 (0ms)
		AwakeInstancesAfterBackupRestoration (7ms)
Launched and connected shader compiler UnityShaderCompiler.exe after 0.08 seconds
Refreshing native plugins compatible for Editor in 7.35 ms, found 3 plugins.
Preloading 0 native plugins for Editor in 0.00 ms.
Unloading 5228 Unused Serialized files (Serialized files now loaded: 0)
Unloading 72 unused Assets / (349.6 KB). Loaded Objects now: 5691.
Memory consumption went from 209.6 MB to 209.2 MB.
Total: 6.097900 ms (FindLiveObjects: 0.656100 ms CreateObjectMapping: 0.220800 ms MarkObjects: 4.956300 ms  DeleteObjects: 0.263100 ms)

AssetImportParameters requested are different than current active one (requested -> active):
  custom:container-demuxer-ogg: 62fdf1f143b41e24485cea50d1cbac27 -> 
  custom:video-decoder-ogg-theora: a1e56fd34408186e4bbccfd4996cb3dc -> 
  custom:framework-win-MediaFoundation: 216162199b28c13a410421893ffa2e32 -> 
  custom:CustomObjectIndexerAttribute: a3ef5dd2817f97addfee359851a9dba5 -> 
  custom:container-demuxer-webm: 4f35f7cbe854078d1ac9338744f61a02 -> 
  custom:container-muxer-webm: aa71ff27fc2769a1b78a27578f13a17b -> 
  custom:video-decoder-webm-vp8: 9c59270c3fd7afecdb556c50c9e8de78 -> 
  custom:SearchIndexIgnoredProperties: e643bd26f0fe6173181afceb89e7c659 -> 
  custom:AudioImporter_EditorPlatform: d09bf68614088b80899f8185d706f6e7 -> 
  custom:video-encoder-webm-vp8: eb34c28f22e8b96e1ab97ce403110664 -> 
  custom:audio-decoder-ogg-vorbis: bf7c407c2cedff20999df2af8eb42d56 -> 
  custom:audio-encoder-webm-vorbis: bf7c407c2cedff20999df2af8eb42d56 -> 
========================================================================
Received Import Request.
  Time since last request: 160791.450433 seconds.
  path: Assets/Game Music Stingers and UI SFX Pack 2/Stingers_Jingles/Oriental/AF_Negative_Stinger_01.wav
  artifactKey: Guid(0bb87ff4532434cc3813e9643988a45c) Importer(815301076,1909f56bfc062723c751e8b465ee728b)
Start importing Assets/Game Music Stingers and UI SFX Pack 2/Stingers_Jingles/Oriental/AF_Negative_Stinger_01.wav using Guid(0bb87ff4532434cc3813e9643988a45c) Importer(815301076,1909f56bfc062723c751e8b465ee728b)  -> (artifact id: 'c50e1a069453d9203b89be47a105e7e5') in 0.162671 seconds
Number of updated asset objects reloaded before import = 0
Number of asset objects unloaded after import = 2
========================================================================
Received Import Request.
  Time since last request: 0.000030 seconds.
  path: Assets/Game Music Stingers and UI SFX Pack 2/Stingers_Jingles/Oriental/AF_Win_Jingle.wav
  artifactKey: Guid(746d398e915ab478c9c8e6eb5e9e1b22) Importer(815301076,1909f56bfc062723c751e8b465ee728b)
Start importing Assets/Game Music Stingers and UI SFX Pack 2/Stingers_Jingles/Oriental/AF_Win_Jingle.wav using Guid(746d398e915ab478c9c8e6eb5e9e1b22) Importer(815301076,1909f56bfc062723c751e8b465ee728b)  -> (artifact id: '4b646f4119bf7aedddecda06b1a5ae67') in 0.021980 seconds
Number of updated asset objects reloaded before import = 0
Number of asset objects unloaded after import = 2
========================================================================
Received Import Request.
  Time since last request: 32.032424 seconds.
  path: Assets/Game Music Stingers and UI SFX Pack 2/Stingers_Jingles/Racing/FA_Lose_Stinger_1_2.wav
  artifactKey: Guid(0a8907ce0b9dc4dc0be79988a2c854db) Importer(815301076,1909f56bfc062723c751e8b465ee728b)
Start importing Assets/Game Music Stingers and UI SFX Pack 2/Stingers_Jingles/Racing/FA_Lose_Stinger_1_2.wav using Guid(0a8907ce0b9dc4dc0be79988a2c854db) Importer(815301076,1909f56bfc062723c751e8b465ee728b)  -> (artifact id: 'd603e920e5bf782b460e603f9ec6a809') in 0.014643 seconds
Number of updated asset objects reloaded before import = 0
Number of asset objects unloaded after import = 2
========================================================================
Received Import Request.
  Time since last request: 0.000404 seconds.
  path: Assets/Game Music Stingers and UI SFX Pack 2/Stingers_Jingles/Racing/FA_Win_Stinger_1_2.wav
  artifactKey: Guid(17cb5e367d63040b0a03027d217caabf) Importer(815301076,1909f56bfc062723c751e8b465ee728b)
Start importing Assets/Game Music Stingers and UI SFX Pack 2/Stingers_Jingles/Racing/FA_Win_Stinger_1_2.wav using Guid(17cb5e367d63040b0a03027d217caabf) Importer(815301076,1909f56bfc062723c751e8b465ee728b)  -> (artifact id: '19359ae16ad20d62cff51fa16f830d02') in 0.016013 seconds
Number of updated asset objects reloaded before import = 0
Number of asset objects unloaded after import = 2
========================================================================
Received Import Request.
  Time since last request: 10.036090 seconds.
  path: Assets/Game Music Stingers and UI SFX Pack 2/UI_SFX/UI/CGM3_Bubble_Button_01_4.wav
  artifactKey: Guid(62475a76d24e24af1b94ed70f440e254) Importer(815301076,1909f56bfc062723c751e8b465ee728b)
Start importing Assets/Game Music Stingers and UI SFX Pack 2/UI_SFX/UI/CGM3_Bubble_Button_01_4.wav using Guid(62475a76d24e24af1b94ed70f440e254) Importer(815301076,1909f56bfc062723c751e8b465ee728b)  -> (artifact id: '6d216f4ccc39e06e39567b47d3a3b733') in 0.015750 seconds
Number of updated asset objects reloaded before import = 0
Number of asset objects unloaded after import = 2
========================================================================
Received Import Request.
  Time since last request: 0.000043 seconds.
  path: Assets/Game Music Stingers and UI SFX Pack 2/UI_SFX/UI/CGM3_Crop_Produce_01_2.wav
  artifactKey: Guid(df7d25978f9d0497faa8befca7e29c19) Importer(815301076,1909f56bfc062723c751e8b465ee728b)
Start importing Assets/Game Music Stingers and UI SFX Pack 2/UI_SFX/UI/CGM3_Crop_Produce_01_2.wav using Guid(df7d25978f9d0497faa8befca7e29c19) Importer(815301076,1909f56bfc062723c751e8b465ee728b)  -> (artifact id: 'ebdd712ff496ed24457f76d366238c0c') in 0.019418 seconds
Number of updated asset objects reloaded before import = 0
Number of asset objects unloaded after import = 2
========================================================================
Received Import Request.
  Time since last request: 0.000024 seconds.
  path: Assets/Game Music Stingers and UI SFX Pack 2/UI_SFX/UI/CGM3_Cute_Chirpy_Button_01_4.wav
  artifactKey: Guid(f118ea410d5aa4015a8f77cd867d871a) Importer(815301076,1909f56bfc062723c751e8b465ee728b)
Start importing Assets/Game Music Stingers and UI SFX Pack 2/UI_SFX/UI/CGM3_Cute_Chirpy_Button_01_4.wav using Guid(f118ea410d5aa4015a8f77cd867d871a) Importer(815301076,1909f56bfc062723c751e8b465ee728b)  -> (artifact id: 'c36122d7fddd56fd7875f5d624c8c865') in 0.015821 seconds
Number of updated asset objects reloaded before import = 0
Number of asset objects unloaded after import = 2
========================================================================
Received Import Request.
  Time since last request: 0.000021 seconds.
  path: Assets/Game Music Stingers and UI SFX Pack 2/UI_SFX/UI/CGM3_Cute_Chirpy_Button_03_3.wav
  artifactKey: Guid(1d97bfcf292b5463ebd3e6feaeaa9357) Importer(815301076,1909f56bfc062723c751e8b465ee728b)
Start importing Assets/Game Music Stingers and UI SFX Pack 2/UI_SFX/UI/CGM3_Cute_Chirpy_Button_03_3.wav using Guid(1d97bfcf292b5463ebd3e6feaeaa9357) Importer(815301076,1909f56bfc062723c751e8b465ee728b)  -> (artifact id: 'd4c3eeb54226ab4b77bec360933d14e8') in 0.015341 seconds
Number of updated asset objects reloaded before import = 0
Number of asset objects unloaded after import = 2
========================================================================
Received Import Request.
  Time since last request: 0.000029 seconds.
  path: Assets/Game Music Stingers and UI SFX Pack 2/UI_SFX/UI/CGM3_Error_Button_02_1.wav
  artifactKey: Guid(d34cb4f48e7d44cf4a10e8ca1d4ed860) Importer(815301076,1909f56bfc062723c751e8b465ee728b)
Start importing Assets/Game Music Stingers and UI SFX Pack 2/UI_SFX/UI/CGM3_Error_Button_02_1.wav using Guid(d34cb4f48e7d44cf4a10e8ca1d4ed860) Importer(815301076,1909f56bfc062723c751e8b465ee728b)  -> (artifact id: '320f9a78e9d0fa857f9d806b14adea4a') in 0.022072 seconds
Number of updated asset objects reloaded before import = 0
Number of asset objects unloaded after import = 2
========================================================================
Received Import Request.
  Time since last request: 0.000018 seconds.
  path: Assets/Game Music Stingers and UI SFX Pack 2/UI_SFX/UI/CGM3_Select_Button_01_1.wav
  artifactKey: Guid(cd2e178e9d0254ec8818526358cee886) Importer(815301076,1909f56bfc062723c751e8b465ee728b)
Start importing Assets/Game Music Stingers and UI SFX Pack 2/UI_SFX/UI/CGM3_Select_Button_01_1.wav using Guid(cd2e178e9d0254ec8818526358cee886) Importer(815301076,1909f56bfc062723c751e8b465ee728b)  -> (artifact id: '8b57bbb258df2a85d14341ca160aadb3') in 0.020650 seconds
Number of updated asset objects reloaded before import = 0
Number of asset objects unloaded after import = 2
========================================================================
Received Import Request.
  Time since last request: 0.000028 seconds.
  path: Assets/Game Music Stingers and UI SFX Pack 2/UI_SFX/UI/CGM3_Select_Button_03_2.wav
  artifactKey: Guid(ad485408861e64175bd7490411c59b73) Importer(815301076,1909f56bfc062723c751e8b465ee728b)
Start importing Assets/Game Music Stingers and UI SFX Pack 2/UI_SFX/UI/CGM3_Select_Button_03_2.wav using Guid(ad485408861e64175bd7490411c59b73) Importer(815301076,1909f56bfc062723c751e8b465ee728b)  -> (artifact id: '1133fb892dd3d9899a0657a008e2903b') in 0.045907 seconds
Number of updated asset objects reloaded before import = 0
Number of asset objects unloaded after import = 2
========================================================================
Received Import Request.
  Time since last request: 0.000042 seconds.
  path: Assets/Game Music Stingers and UI SFX Pack 2/UI_SFX/UI/CGM3_Select_Button_02_2.wav
  artifactKey: Guid(3dbc4a6ad8eef448694e8b71de43fd7c) Importer(815301076,1909f56bfc062723c751e8b465ee728b)
Start importing Assets/Game Music Stingers and UI SFX Pack 2/UI_SFX/UI/CGM3_Select_Button_02_2.wav using Guid(3dbc4a6ad8eef448694e8b71de43fd7c) Importer(815301076,1909f56bfc062723c751e8b465ee728b)  -> (artifact id: 'be2d6ea0b3d8145da4c57008b4caf773') in 0.025386 seconds
Number of updated asset objects reloaded before import = 0
Number of asset objects unloaded after import = 2
========================================================================
Received Import Request.
  Time since last request: 0.000021 seconds.
  path: Assets/Game Music Stingers and UI SFX Pack 2/UI_SFX/UI/CGM3_Select_Button_01_2.wav
  artifactKey: Guid(657a7d73e16c14d63b3e89335a34e4ea) Importer(815301076,1909f56bfc062723c751e8b465ee728b)
Start importing Assets/Game Music Stingers and UI SFX Pack 2/UI_SFX/UI/CGM3_Select_Button_01_2.wav using Guid(657a7d73e16c14d63b3e89335a34e4ea) Importer(815301076,1909f56bfc062723c751e8b465ee728b)  -> (artifact id: '13eb340984f64ca4315af6c923cf5afa') in 0.021111 seconds
Number of updated asset objects reloaded before import = 0
Number of asset objects unloaded after import = 2
========================================================================
Received Import Request.
  Time since last request: 0.000021 seconds.
  path: Assets/Game Music Stingers and UI SFX Pack 2/UI_SFX/UI/CGM3_Cute_Chirpy_Button_01_2.wav
  artifactKey: Guid(0504398d2ef634a6dab721e65267d247) Importer(815301076,1909f56bfc062723c751e8b465ee728b)
Start importing Assets/Game Music Stingers and UI SFX Pack 2/UI_SFX/UI/CGM3_Cute_Chirpy_Button_01_2.wav using Guid(0504398d2ef634a6dab721e65267d247) Importer(815301076,1909f56bfc062723c751e8b465ee728b)  -> (artifact id: '56d2c62fdcebb2caaa54695e3aa1dc6c') in 0.034130 seconds
Number of updated asset objects reloaded before import = 0
Number of asset objects unloaded after import = 2
========================================================================
Received Import Request.
  Time since last request: 30.169380 seconds.
  path: Assets/Game Music Stingers and UI SFX Pack 2/UI_SFX/UI/FA_Confirm_Button_1_4.wav
  artifactKey: Guid(097949830fd034937872424e2e1b8ff2) Importer(815301076,1909f56bfc062723c751e8b465ee728b)
Start importing Assets/Game Music Stingers and UI SFX Pack 2/UI_SFX/UI/FA_Confirm_Button_1_4.wav using Guid(097949830fd034937872424e2e1b8ff2) Importer(815301076,1909f56bfc062723c751e8b465ee728b)  -> (artifact id: 'f234354c75e67cee68ca1671c024cc63') in 0.016968 seconds
Number of updated asset objects reloaded before import = 0
Number of asset objects unloaded after import = 2
========================================================================
Received Import Request.
  Time since last request: 0.000016 seconds.
  path: Assets/Game Music Stingers and UI SFX Pack 2/UI_SFX/UI/FA_Select_Button_1_2.wav
  artifactKey: Guid(ed03a4273d4d04055b06b38b3a5beca1) Importer(815301076,1909f56bfc062723c751e8b465ee728b)
Start importing Assets/Game Music Stingers and UI SFX Pack 2/UI_SFX/UI/FA_Select_Button_1_2.wav using Guid(ed03a4273d4d04055b06b38b3a5beca1) Importer(815301076,1909f56bfc062723c751e8b465ee728b)  -> (artifact id: 'e382e1da2731dacc3ea12475714994d2') in 0.019621 seconds
Number of updated asset objects reloaded before import = 0
Number of asset objects unloaded after import = 2
========================================================================
Received Import Request.
  Time since last request: 0.000111 seconds.
  path: Assets/Game Music Stingers and UI SFX Pack 2/UI_SFX/UI/LQ_Back_Button.wav
  artifactKey: Guid(9414b8eb06ea94b249708bc621e9638d) Importer(815301076,1909f56bfc062723c751e8b465ee728b)
Start importing Assets/Game Music Stingers and UI SFX Pack 2/UI_SFX/UI/LQ_Back_Button.wav using Guid(9414b8eb06ea94b249708bc621e9638d) Importer(815301076,1909f56bfc062723c751e8b465ee728b)  -> (artifact id: 'fdf1943e78bc3ac2b2bb8db8a7350ab3') in 0.025793 seconds
Number of updated asset objects reloaded before import = 0
Number of asset objects unloaded after import = 2
Editor requested this worker to shutdown with reason: Scaling down because of idle timeout
TcpMessagingSession - receive error: operation aborted. errorcode: 995, details: La operación de E/S se anuló por una salida de subproceso o por una solicitud de aplicación.
AssetImportWorker is now disconnected from the server
Process exiting
Exiting without the bug reporter. Application will terminate with return code 0