Using pre-set license
Built from '2022.3/staging' branch; Version is '2022.3.10f1 (ff3792e53c62) revision 16725906'; Using compiler version '192829333'; Build Type 'Release'
OS: 'Windows 11  (10.0.22621) 64bit Professional' Language: 'es' Physical Memory: 16305 MB
BatchMode: 1, IsHumanControllingUs: 0, StartBugReporterOnCrash: 0, Is64bit: 1, IsPro: 1

COMMAND LINE ARGUMENTS:
C:\Program Files\Unity\Hub\Editor\2022.3.10f1\Editor\Unity.exe
-adb2
-batchMode
-noUpm
-name
AssetImportWorker6
-projectPath
D:/_Storage/_Storage/_Proyectos/_UOC/Programacion/PEC1/PEC1 Ethan Navarro/UnJuegoDeAventuras
-logFile
Logs/AssetImportWorker6.log
-srvPort
62657
Successfully changed project path to: D:/_Storage/_Storage/_Proyectos/_UOC/Programacion/PEC1/PEC1 Ethan Navarro/UnJuegoDeAventuras
D:/_Storage/_Storage/_Proyectos/_UOC/Programacion/PEC1/PEC1 Ethan Navarro/UnJuegoDeAventuras
[UnityMemory] Configuration Parameters - Can be set up in boot.config
    "memorysetup-bucket-allocator-granularity=16"
    "memorysetup-bucket-allocator-bucket-count=8"
    "memorysetup-bucket-allocator-block-size=33554432"
    "memorysetup-bucket-allocator-block-count=8"
    "memorysetup-main-allocator-block-size=16777216"
    "memorysetup-thread-allocator-block-size=16777216"
    "memorysetup-gfx-main-allocator-block-size=16777216"
    "memorysetup-gfx-thread-allocator-block-size=16777216"
    "memorysetup-cache-allocator-block-size=4194304"
    "memorysetup-typetree-allocator-block-size=2097152"
    "memorysetup-profiler-bucket-allocator-granularity=16"
    "memorysetup-profiler-bucket-allocator-bucket-count=8"
    "memorysetup-profiler-bucket-allocator-block-size=33554432"
    "memorysetup-profiler-bucket-allocator-block-count=8"
    "memorysetup-profiler-allocator-block-size=16777216"
    "memorysetup-profiler-editor-allocator-block-size=1048576"
    "memorysetup-temp-allocator-size-main=16777216"
    "memorysetup-job-temp-allocator-block-size=2097152"
    "memorysetup-job-temp-allocator-block-size-background=1048576"
    "memorysetup-job-temp-allocator-reduction-small-platforms=262144"
    "memorysetup-allocator-temp-initial-block-size-main=262144"
    "memorysetup-allocator-temp-initial-block-size-worker=262144"
    "memorysetup-temp-allocator-size-background-worker=32768"
    "memorysetup-temp-allocator-size-job-worker=262144"
    "memorysetup-temp-allocator-size-preload-manager=33554432"
    "memorysetup-temp-allocator-size-nav-mesh-worker=65536"
    "memorysetup-temp-allocator-size-audio-worker=65536"
    "memorysetup-temp-allocator-size-cloud-worker=32768"
    "memorysetup-temp-allocator-size-gi-baking-worker=262144"
    "memorysetup-temp-allocator-size-gfx=262144"
Player connection [8596] Host "[IP] 192.168.1.40 [Port] 0 [Flags] 2 [Guid] 2255654805 [EditorId] 2255654805 [Version] 1048832 [Id] WindowsEditor(7,DESKTOP-E5NVDQJ) [Debug] 1 [PackageName] WindowsEditor [ProjectName] Editor" joined multi-casting on [225.0.0.222:54997]...

Player connection [8596] Host "[IP] 192.168.1.40 [Port] 0 [Flags] 2 [Guid] 2255654805 [EditorId] 2255654805 [Version] 1048832 [Id] WindowsEditor(7,DESKTOP-E5NVDQJ) [Debug] 1 [PackageName] WindowsEditor [ProjectName] Editor" joined alternative multi-casting on [225.0.0.222:34997]...

[Physics::Module] Initialized MultithreadedJobDispatcher with 15 workers.
Refreshing native plugins compatible for Editor in 44.13 ms, found 3 plugins.
Preloading 0 native plugins for Editor in 0.00 ms.
Initialize engine version: 2022.3.10f1 (ff3792e53c62)
[Subsystems] Discovering subsystems at path C:/Program Files/Unity/Hub/Editor/2022.3.10f1/Editor/Data/Resources/UnitySubsystems
[Subsystems] Discovering subsystems at path D:/_Storage/_Storage/_Proyectos/_UOC/Programacion/PEC1/PEC1 Ethan Navarro/UnJuegoDeAventuras/Assets
GfxDevice: creating device client; threaded=0; jobified=0
Direct3D:
    Version:  Direct3D 11.0 [level 11.1]
    Renderer: NVIDIA GeForce GTX 1660 (ID=0x2184)
    Vendor:   NVIDIA
    VRAM:     5980 MB
    Driver:   31.0.15.3623
Initialize mono
Mono path[0] = 'C:/Program Files/Unity/Hub/Editor/2022.3.10f1/Editor/Data/Managed'
Mono path[1] = 'C:/Program Files/Unity/Hub/Editor/2022.3.10f1/Editor/Data/MonoBleedingEdge/lib/mono/unityjit-win32'
Mono config path = 'C:/Program Files/Unity/Hub/Editor/2022.3.10f1/Editor/Data/MonoBleedingEdge/etc'
Using monoOptions --debugger-agent=transport=dt_socket,embedding=1,server=y,suspend=n,address=127.0.0.1:56800
Begin MonoManager ReloadAssembly
Registering precompiled unity dll's ...
Register platform support module: C:/Program Files/Unity/Hub/Editor/2022.3.10f1/Editor/Data/PlaybackEngines/MacStandaloneSupport/UnityEditor.OSXStandalone.Extensions.dll
Register platform support module: C:/Program Files/Unity/Hub/Editor/2022.3.10f1/Editor/Data/PlaybackEngines/AndroidPlayer/UnityEditor.Android.Extensions.dll
Register platform support module: C:/Program Files/Unity/Hub/Editor/2022.3.10f1/Editor/Data/PlaybackEngines/iOSSupport/UnityEditor.iOS.Extensions.dll
Register platform support module: C:/Program Files/Unity/Hub/Editor/2022.3.10f1/Editor/Data/PlaybackEngines/WindowsStandaloneSupport/UnityEditor.WindowsStandalone.Extensions.dll
Registered in 0.023785 seconds.
- Loaded All Assemblies, in  0.610 seconds
Native extension for WindowsStandalone target not found
[usbmuxd] Start listen thread
[usbmuxd] Listen thread started
[usbmuxd] Send listen message
Native extension for iOS target not found
Native extension for Android target not found
Android Extension - Scanning For ADB Devices 653 ms
Native extension for OSXStandalone target not found
Mono: successfully reloaded assembly
- Finished resetting the current domain, in  1.114 seconds
Domain Reload Profiling: 1720ms
	BeginReloadAssembly (188ms)
		ExecutionOrderSort (0ms)
		DisableScriptedObjects (0ms)
		BackupInstance (0ms)
		ReleaseScriptingObjects (0ms)
		CreateAndSetChildDomain (1ms)
	RebuildCommonClasses (54ms)
	RebuildNativeTypeToScriptingClass (15ms)
	initialDomainReloadingComplete (103ms)
	LoadAllAssembliesAndSetupDomain (246ms)
		LoadAssemblies (185ms)
		RebuildTransferFunctionScriptingTraits (0ms)
		AnalyzeDomain (241ms)
			TypeCache.Refresh (239ms)
				TypeCache.ScanAssembly (222ms)
			ScanForSourceGeneratedMonoScriptInfo (1ms)
			ResolveRequiredComponents (1ms)
	FinalizeReload (1115ms)
		ReleaseScriptCaches (0ms)
		RebuildScriptCaches (0ms)
		SetupLoadedEditorAssemblies (1036ms)
			LogAssemblyErrors (0ms)
			InitializePlatformSupportModulesInManaged (844ms)
			SetLoadedEditorAssemblies (5ms)
			RefreshPlugins (0ms)
			BeforeProcessingInitializeOnLoad (3ms)
			ProcessInitializeOnLoadAttributes (120ms)
			ProcessInitializeOnLoadMethodAttributes (63ms)
			AfterProcessingInitializeOnLoad (0ms)
			EditorAssembliesLoaded (0ms)
		ExecutionOrderSort2 (0ms)
		AwakeInstancesAfterBackupRestoration (0ms)
========================================================================
Worker process is ready to serve import requests
Begin MonoManager ReloadAssembly
- Loaded All Assemblies, in  1.007 seconds
Refreshing native plugins compatible for Editor in 5.35 ms, found 3 plugins.
Native extension for WindowsStandalone target not found
Native extension for iOS target not found
Native extension for Android target not found
Native extension for OSXStandalone target not found
Package Manager log level set to [2]
[Package Manager] Server::EnsureServerProcessIsRunning -- launch failed, reason: Unity was launched with the -noUpm command-line argument
[Package Manager] UpmClient::Send -- Unable to send message (not connected to UPM process).
[Package Manager] Cannot connect to Unity Package Manager local server
Mono: successfully reloaded assembly
- Finished resetting the current domain, in  1.101 seconds
Domain Reload Profiling: 2104ms
	BeginReloadAssembly (198ms)
		ExecutionOrderSort (0ms)
		DisableScriptedObjects (7ms)
		BackupInstance (0ms)
		ReleaseScriptingObjects (0ms)
		CreateAndSetChildDomain (23ms)
	RebuildCommonClasses (43ms)
	RebuildNativeTypeToScriptingClass (14ms)
	initialDomainReloadingComplete (44ms)
	LoadAllAssembliesAndSetupDomain (703ms)
		LoadAssemblies (470ms)
		RebuildTransferFunctionScriptingTraits (0ms)
		AnalyzeDomain (348ms)
			TypeCache.Refresh (300ms)
				TypeCache.ScanAssembly (275ms)
			ScanForSourceGeneratedMonoScriptInfo (32ms)
			ResolveRequiredComponents (14ms)
	FinalizeReload (1102ms)
		ReleaseScriptCaches (0ms)
		RebuildScriptCaches (0ms)
		SetupLoadedEditorAssemblies (868ms)
			LogAssemblyErrors (0ms)
			InitializePlatformSupportModulesInManaged (59ms)
			SetLoadedEditorAssemblies (5ms)
			RefreshPlugins (0ms)
			BeforeProcessingInitializeOnLoad (103ms)
			ProcessInitializeOnLoadAttributes (609ms)
			ProcessInitializeOnLoadMethodAttributes (79ms)
			AfterProcessingInitializeOnLoad (13ms)
			EditorAssembliesLoaded (0ms)
		ExecutionOrderSort2 (0ms)
		AwakeInstancesAfterBackupRestoration (7ms)
Launched and connected shader compiler UnityShaderCompiler.exe after 0.07 seconds
Refreshing native plugins compatible for Editor in 5.31 ms, found 3 plugins.
Preloading 0 native plugins for Editor in 0.00 ms.
Unloading 5228 Unused Serialized files (Serialized files now loaded: 0)
Unloading 72 unused Assets / (349.6 KB). Loaded Objects now: 5691.
Memory consumption went from 209.6 MB to 209.2 MB.
Total: 5.587400 ms (FindLiveObjects: 0.528800 ms CreateObjectMapping: 0.192900 ms MarkObjects: 4.626800 ms  DeleteObjects: 0.237300 ms)

AssetImportParameters requested are different than current active one (requested -> active):
  custom:container-demuxer-ogg: 62fdf1f143b41e24485cea50d1cbac27 -> 
  custom:video-decoder-ogg-theora: a1e56fd34408186e4bbccfd4996cb3dc -> 
  custom:framework-win-MediaFoundation: 216162199b28c13a410421893ffa2e32 -> 
  custom:CustomObjectIndexerAttribute: a3ef5dd2817f97addfee359851a9dba5 -> 
  custom:container-demuxer-webm: 4f35f7cbe854078d1ac9338744f61a02 -> 
  custom:container-muxer-webm: aa71ff27fc2769a1b78a27578f13a17b -> 
  custom:video-decoder-webm-vp8: 9c59270c3fd7afecdb556c50c9e8de78 -> 
  custom:SearchIndexIgnoredProperties: e643bd26f0fe6173181afceb89e7c659 -> 
  custom:AudioImporter_EditorPlatform: d09bf68614088b80899f8185d706f6e7 -> 
  custom:video-encoder-webm-vp8: eb34c28f22e8b96e1ab97ce403110664 -> 
  custom:audio-decoder-ogg-vorbis: bf7c407c2cedff20999df2af8eb42d56 -> 
  custom:audio-encoder-webm-vorbis: bf7c407c2cedff20999df2af8eb42d56 -> 
========================================================================
Received Import Request.
  Time since last request: 160355.726498 seconds.
  path: Assets/Game Music Stingers and UI SFX Pack 2/UI_SFX/Misc/FA_Lap_Complete_1_1.wav
  artifactKey: Guid(133350443f23242cbb04b046d98cf15b) Importer(815301076,1909f56bfc062723c751e8b465ee728b)
Start importing Assets/Game Music Stingers and UI SFX Pack 2/UI_SFX/Misc/FA_Lap_Complete_1_1.wav using Guid(133350443f23242cbb04b046d98cf15b) Importer(815301076,1909f56bfc062723c751e8b465ee728b)  -> (artifact id: 'e623a0dde6bca02b272aae6dbfb3d81c') in 0.127695 seconds
Number of updated asset objects reloaded before import = 0
Number of asset objects unloaded after import = 2
========================================================================
Received Import Request.
  Time since last request: 0.000036 seconds.
  path: Assets/Game Music Stingers and UI SFX Pack 2/UI_SFX/Misc/FA_Scale_13.wav
  artifactKey: Guid(fd427705852a24de8b77b76231e21f33) Importer(815301076,1909f56bfc062723c751e8b465ee728b)
Start importing Assets/Game Music Stingers and UI SFX Pack 2/UI_SFX/Misc/FA_Scale_13.wav using Guid(fd427705852a24de8b77b76231e21f33) Importer(815301076,1909f56bfc062723c751e8b465ee728b)  -> (artifact id: '40d4c4297115c278eed9d463cf5bec9d') in 0.035047 seconds
Number of updated asset objects reloaded before import = 0
Number of asset objects unloaded after import = 2
========================================================================
Received Import Request.
  Time since last request: 0.000034 seconds.
  path: Assets/Game Music Stingers and UI SFX Pack 2/UI_SFX/Misc/FA_Power_Up_1_2.wav
  artifactKey: Guid(1254b26f77ad24dd28bd7e29b61a9f0d) Importer(815301076,1909f56bfc062723c751e8b465ee728b)
Start importing Assets/Game Music Stingers and UI SFX Pack 2/UI_SFX/Misc/FA_Power_Up_1_2.wav using Guid(1254b26f77ad24dd28bd7e29b61a9f0d) Importer(815301076,1909f56bfc062723c751e8b465ee728b)  -> (artifact id: '08b222b851412e890aa9be891017609e') in 0.024140 seconds
Number of updated asset objects reloaded before import = 0
Number of asset objects unloaded after import = 2
========================================================================
Received Import Request.
  Time since last request: 0.000065 seconds.
  path: Assets/Game Music Stingers and UI SFX Pack 2/UI_SFX/Misc/FA_Scale_3.wav
  artifactKey: Guid(4e56a51070a574313849aff018f333af) Importer(815301076,1909f56bfc062723c751e8b465ee728b)
Start importing Assets/Game Music Stingers and UI SFX Pack 2/UI_SFX/Misc/FA_Scale_3.wav using Guid(4e56a51070a574313849aff018f333af) Importer(815301076,1909f56bfc062723c751e8b465ee728b)  -> (artifact id: 'f885f0203652203f34faa02456c35beb') in 0.021136 seconds
Number of updated asset objects reloaded before import = 0
Number of asset objects unloaded after import = 2
========================================================================
Received Import Request.
  Time since last request: 0.000029 seconds.
  path: Assets/Game Music Stingers and UI SFX Pack 2/UI_SFX/Misc/FA_Scale_8.wav
  artifactKey: Guid(e853805969bb14ab59b360a49183c6da) Importer(815301076,1909f56bfc062723c751e8b465ee728b)
Start importing Assets/Game Music Stingers and UI SFX Pack 2/UI_SFX/Misc/FA_Scale_8.wav using Guid(e853805969bb14ab59b360a49183c6da) Importer(815301076,1909f56bfc062723c751e8b465ee728b)  -> (artifact id: 'f27844a48d1b75735564a172f98584f2') in 0.017214 seconds
Number of updated asset objects reloaded before import = 0
Number of asset objects unloaded after import = 2
========================================================================
Received Import Request.
  Time since last request: 38.392163 seconds.
  path: Assets/Game Music Stingers and UI SFX Pack 2/UI_SFX/Misc/FA_Wrong_Way_2.wav
  artifactKey: Guid(6201750d200794d6c81cd3fed92b1b31) Importer(815301076,1909f56bfc062723c751e8b465ee728b)
Start importing Assets/Game Music Stingers and UI SFX Pack 2/UI_SFX/Misc/FA_Wrong_Way_2.wav using Guid(6201750d200794d6c81cd3fed92b1b31) Importer(815301076,1909f56bfc062723c751e8b465ee728b)  -> (artifact id: '11da7f381dab3a4be4cccdeb8303fa61') in 0.013555 seconds
Number of updated asset objects reloaded before import = 0
Number of asset objects unloaded after import = 2
========================================================================
Received Import Request.
  Time since last request: 0.022400 seconds.
  path: Assets/Game Music Stingers and UI SFX Pack 2/UI_SFX/Misc/LQ_Ticking_1_2.wav
  artifactKey: Guid(1bc1921b6b6cc42368638ee7139fa8bc) Importer(815301076,1909f56bfc062723c751e8b465ee728b)
Start importing Assets/Game Music Stingers and UI SFX Pack 2/UI_SFX/Misc/LQ_Ticking_1_2.wav using Guid(1bc1921b6b6cc42368638ee7139fa8bc) Importer(815301076,1909f56bfc062723c751e8b465ee728b)  -> (artifact id: '6876f50a14c576953aff921dc1dabb7a') in 0.013015 seconds
Number of updated asset objects reloaded before import = 0
Number of asset objects unloaded after import = 2
========================================================================
Received Import Request.
  Time since last request: 0.011216 seconds.
  path: Assets/Game Music Stingers and UI SFX Pack 2/UI_SFX/Misc/PP_Cute_Impact_1_2.wav
  artifactKey: Guid(2631e6702af834287838017bcf292c0f) Importer(815301076,1909f56bfc062723c751e8b465ee728b)
Start importing Assets/Game Music Stingers and UI SFX Pack 2/UI_SFX/Misc/PP_Cute_Impact_1_2.wav using Guid(2631e6702af834287838017bcf292c0f) Importer(815301076,1909f56bfc062723c751e8b465ee728b)  -> (artifact id: '332aca3870fe35a7db5ac1aa5dc8ad2f') in 0.013895 seconds
Number of updated asset objects reloaded before import = 0
Number of asset objects unloaded after import = 2
========================================================================
Received Import Request.
  Time since last request: 0.011193 seconds.
  path: Assets/Game Music Stingers and UI SFX Pack 2/UI_SFX/Misc/PP_Destroy_1_2.wav
  artifactKey: Guid(a0ef8570fd7564f55adbeda62d7e4d73) Importer(815301076,1909f56bfc062723c751e8b465ee728b)
Start importing Assets/Game Music Stingers and UI SFX Pack 2/UI_SFX/Misc/PP_Destroy_1_2.wav using Guid(a0ef8570fd7564f55adbeda62d7e4d73) Importer(815301076,1909f56bfc062723c751e8b465ee728b)  -> (artifact id: '7457285734c1e07935172911cf27fc58') in 0.014671 seconds
Number of updated asset objects reloaded before import = 0
Number of asset objects unloaded after import = 2
========================================================================
Received Import Request.
  Time since last request: 8.726661 seconds.
  path: Assets/Game Music Stingers and UI SFX Pack 2/UI_SFX/Misc/PP_Destroy_1_4.wav
  artifactKey: Guid(cb36b64be7eac4d01af67e8e5ec00d9f) Importer(815301076,1909f56bfc062723c751e8b465ee728b)
Start importing Assets/Game Music Stingers and UI SFX Pack 2/UI_SFX/Misc/PP_Destroy_1_4.wav using Guid(cb36b64be7eac4d01af67e8e5ec00d9f) Importer(815301076,1909f56bfc062723c751e8b465ee728b)  -> (artifact id: '766f5d9ca8badd6a9d2619550a58bb4e') in 0.016207 seconds
Number of updated asset objects reloaded before import = 0
Number of asset objects unloaded after import = 2
========================================================================
Received Import Request.
  Time since last request: 0.000017 seconds.
  path: Assets/Game Music Stingers and UI SFX Pack 2/UI_SFX/Misc/PP_Heavy_Impact_1_1.wav
  artifactKey: Guid(c69827c1052454530bef979e115b482e) Importer(815301076,1909f56bfc062723c751e8b465ee728b)
Start importing Assets/Game Music Stingers and UI SFX Pack 2/UI_SFX/Misc/PP_Heavy_Impact_1_1.wav using Guid(c69827c1052454530bef979e115b482e) Importer(815301076,1909f56bfc062723c751e8b465ee728b)  -> (artifact id: 'fa0889f1f83995183301b18d30ddbb06') in 0.014212 seconds
Number of updated asset objects reloaded before import = 0
Number of asset objects unloaded after import = 2
========================================================================
Received Import Request.
  Time since last request: 0.000021 seconds.
  path: Assets/Game Music Stingers and UI SFX Pack 2/UI_SFX/Misc/PP_Jump_1_3.wav
  artifactKey: Guid(5235a58433f624981ac8b307bfe14d20) Importer(815301076,1909f56bfc062723c751e8b465ee728b)
Start importing Assets/Game Music Stingers and UI SFX Pack 2/UI_SFX/Misc/PP_Jump_1_3.wav using Guid(5235a58433f624981ac8b307bfe14d20) Importer(815301076,1909f56bfc062723c751e8b465ee728b)  -> (artifact id: 'f0072e32e9b8764e43348dd03d62bb4a') in 0.015990 seconds
Number of updated asset objects reloaded before import = 0
Number of asset objects unloaded after import = 2
========================================================================
Received Import Request.
  Time since last request: 2.582598 seconds.
  path: Assets/Game Music Stingers and UI SFX Pack 2/UI_SFX/Misc/PP_Magic_Portal_Loop.wav
  artifactKey: Guid(71a39b5ec01b74a91b2e4128c6b52d13) Importer(815301076,1909f56bfc062723c751e8b465ee728b)
Start importing Assets/Game Music Stingers and UI SFX Pack 2/UI_SFX/Misc/PP_Magic_Portal_Loop.wav using Guid(71a39b5ec01b74a91b2e4128c6b52d13) Importer(815301076,1909f56bfc062723c751e8b465ee728b)  -> (artifact id: 'fa96c03eaaf6d850b60debd265c568ff') in 0.015422 seconds
Number of updated asset objects reloaded before import = 0
Number of asset objects unloaded after import = 2
========================================================================
Received Import Request.
  Time since last request: 0.000019 seconds.
  path: Assets/Game Music Stingers and UI SFX Pack 2/UI_SFX/Misc/PP_Player_Dies_1_2.wav
  artifactKey: Guid(743de78a10b664eae90d3dada6968eca) Importer(815301076,1909f56bfc062723c751e8b465ee728b)
Start importing Assets/Game Music Stingers and UI SFX Pack 2/UI_SFX/Misc/PP_Player_Dies_1_2.wav using Guid(743de78a10b664eae90d3dada6968eca) Importer(815301076,1909f56bfc062723c751e8b465ee728b)  -> (artifact id: '1dea7eb587602f66e4159d253ac67264') in 0.015203 seconds
Number of updated asset objects reloaded before import = 0
Number of asset objects unloaded after import = 2
========================================================================
Received Import Request.
  Time since last request: 0.000023 seconds.
  path: Assets/Game Music Stingers and UI SFX Pack 2/UI_SFX/Misc/PP_Small_Impact_1_3.wav
  artifactKey: Guid(a6cf6c9a4d0e54bae9445666484eb347) Importer(815301076,1909f56bfc062723c751e8b465ee728b)
Start importing Assets/Game Music Stingers and UI SFX Pack 2/UI_SFX/Misc/PP_Small_Impact_1_3.wav using Guid(a6cf6c9a4d0e54bae9445666484eb347) Importer(815301076,1909f56bfc062723c751e8b465ee728b)  -> (artifact id: '790722583e2150e16cbafe71fcc4b879') in 0.016749 seconds
Number of updated asset objects reloaded before import = 0
Number of asset objects unloaded after import = 2
========================================================================
Received Import Request.
  Time since last request: 0.000031 seconds.
  path: Assets/Game Music Stingers and UI SFX Pack 2/UI_SFX/Misc/PP_Small_Impact_1_2.wav
  artifactKey: Guid(8abae4aac680a40daba8e950d73b7751) Importer(815301076,1909f56bfc062723c751e8b465ee728b)
Start importing Assets/Game Music Stingers and UI SFX Pack 2/UI_SFX/Misc/PP_Small_Impact_1_2.wav using Guid(8abae4aac680a40daba8e950d73b7751) Importer(815301076,1909f56bfc062723c751e8b465ee728b)  -> (artifact id: '1924c2d7110b3579557d40d398088494') in 0.014720 seconds
Number of updated asset objects reloaded before import = 0
Number of asset objects unloaded after import = 2
========================================================================
Received Import Request.
  Time since last request: 56.411650 seconds.
  path: Assets/Game Music Stingers and UI SFX Pack 2/UI_SFX/Misc/PP_Small_Impact_1_6.wav
  artifactKey: Guid(2d3e28e44d3fd41b6a9a27acb2f3e4ae) Importer(815301076,1909f56bfc062723c751e8b465ee728b)
Start importing Assets/Game Music Stingers and UI SFX Pack 2/UI_SFX/Misc/PP_Small_Impact_1_6.wav using Guid(2d3e28e44d3fd41b6a9a27acb2f3e4ae) Importer(815301076,1909f56bfc062723c751e8b465ee728b)  -> (artifact id: '1fc32b6686146b34994d1cb383759c03') in 0.015274 seconds
Number of updated asset objects reloaded before import = 0
Number of asset objects unloaded after import = 2
========================================================================
Received Import Request.
  Time since last request: 0.000024 seconds.
  path: Assets/Game Music Stingers and UI SFX Pack 2/UI_SFX/Misc/PP_Whoosh_1_2.wav
  artifactKey: Guid(6af9693bdc5b046ffaad0c1866e7690b) Importer(815301076,1909f56bfc062723c751e8b465ee728b)
Start importing Assets/Game Music Stingers and UI SFX Pack 2/UI_SFX/Misc/PP_Whoosh_1_2.wav using Guid(6af9693bdc5b046ffaad0c1866e7690b) Importer(815301076,1909f56bfc062723c751e8b465ee728b)  -> (artifact id: '2c1ce138e4e1ea66552ae4972cc3bcaf') in 0.016727 seconds
Number of updated asset objects reloaded before import = 0
Number of asset objects unloaded after import = 2
Editor requested this worker to shutdown with reason: Scaling down because of idle timeout
TcpMessagingSession - receive error: operation aborted. errorcode: 995, details: La operación de E/S se anuló por una salida de subproceso o por una solicitud de aplicación.
AssetImportWorker is now disconnected from the server
Process exiting
Exiting without the bug reporter. Application will terminate with return code 0