Using pre-set license
Built from '2022.3/staging' branch; Version is '2022.3.10f1 (ff3792e53c62) revision 16725906'; Using compiler version '192829333'; Build Type 'Release'
OS: 'Windows 11  (10.0.22621) 64bit Professional' Language: 'es' Physical Memory: 16305 MB
BatchMode: 1, IsHumanControllingUs: 0, StartBugReporterOnCrash: 0, Is64bit: 1, IsPro: 1

COMMAND LINE ARGUMENTS:
C:\Program Files\Unity\Hub\Editor\2022.3.10f1\Editor\Unity.exe
-adb2
-batchMode
-noUpm
-name
AssetImportWorker5
-projectPath
D:/_Storage/_Storage/_Proyectos/_UOC/Programacion/PEC1/PEC1 Ethan Navarro/UnJuegoDeAventuras
-logFile
Logs/AssetImportWorker5.log
-srvPort
62657
Successfully changed project path to: D:/_Storage/_Storage/_Proyectos/_UOC/Programacion/PEC1/PEC1 Ethan Navarro/UnJuegoDeAventuras
D:/_Storage/_Storage/_Proyectos/_UOC/Programacion/PEC1/PEC1 Ethan Navarro/UnJuegoDeAventuras
[UnityMemory] Configuration Parameters - Can be set up in boot.config
    "memorysetup-bucket-allocator-granularity=16"
    "memorysetup-bucket-allocator-bucket-count=8"
    "memorysetup-bucket-allocator-block-size=33554432"
    "memorysetup-bucket-allocator-block-count=8"
    "memorysetup-main-allocator-block-size=16777216"
    "memorysetup-thread-allocator-block-size=16777216"
    "memorysetup-gfx-main-allocator-block-size=16777216"
    "memorysetup-gfx-thread-allocator-block-size=16777216"
    "memorysetup-cache-allocator-block-size=4194304"
    "memorysetup-typetree-allocator-block-size=2097152"
    "memorysetup-profiler-bucket-allocator-granularity=16"
    "memorysetup-profiler-bucket-allocator-bucket-count=8"
    "memorysetup-profiler-bucket-allocator-block-size=33554432"
    "memorysetup-profiler-bucket-allocator-block-count=8"
    "memorysetup-profiler-allocator-block-size=16777216"
    "memorysetup-profiler-editor-allocator-block-size=1048576"
    "memorysetup-temp-allocator-size-main=16777216"
    "memorysetup-job-temp-allocator-block-size=2097152"
    "memorysetup-job-temp-allocator-block-size-background=1048576"
    "memorysetup-job-temp-allocator-reduction-small-platforms=262144"
    "memorysetup-allocator-temp-initial-block-size-main=262144"
    "memorysetup-allocator-temp-initial-block-size-worker=262144"
    "memorysetup-temp-allocator-size-background-worker=32768"
    "memorysetup-temp-allocator-size-job-worker=262144"
    "memorysetup-temp-allocator-size-preload-manager=33554432"
    "memorysetup-temp-allocator-size-nav-mesh-worker=65536"
    "memorysetup-temp-allocator-size-audio-worker=65536"
    "memorysetup-temp-allocator-size-cloud-worker=32768"
    "memorysetup-temp-allocator-size-gi-baking-worker=262144"
    "memorysetup-temp-allocator-size-gfx=262144"
Player connection [29728] Host "[IP] 192.168.1.40 [Port] 0 [Flags] 2 [Guid] 3618426111 [EditorId] 3618426111 [Version] 1048832 [Id] WindowsEditor(7,DESKTOP-E5NVDQJ) [Debug] 1 [PackageName] WindowsEditor [ProjectName] Editor" joined multi-casting on [225.0.0.222:54997]...

Player connection [29728] Host "[IP] 192.168.1.40 [Port] 0 [Flags] 2 [Guid] 3618426111 [EditorId] 3618426111 [Version] 1048832 [Id] WindowsEditor(7,DESKTOP-E5NVDQJ) [Debug] 1 [PackageName] WindowsEditor [ProjectName] Editor" joined alternative multi-casting on [225.0.0.222:34997]...

[Physics::Module] Initialized MultithreadedJobDispatcher with 15 workers.
Refreshing native plugins compatible for Editor in 12.80 ms, found 3 plugins.
Preloading 0 native plugins for Editor in 0.00 ms.
Initialize engine version: 2022.3.10f1 (ff3792e53c62)
[Subsystems] Discovering subsystems at path C:/Program Files/Unity/Hub/Editor/2022.3.10f1/Editor/Data/Resources/UnitySubsystems
[Subsystems] Discovering subsystems at path D:/_Storage/_Storage/_Proyectos/_UOC/Programacion/PEC1/PEC1 Ethan Navarro/UnJuegoDeAventuras/Assets
GfxDevice: creating device client; threaded=0; jobified=0
Direct3D:
    Version:  Direct3D 11.0 [level 11.1]
    Renderer: NVIDIA GeForce GTX 1660 (ID=0x2184)
    Vendor:   NVIDIA
    VRAM:     5980 MB
    Driver:   31.0.15.3623
Initialize mono
Mono path[0] = 'C:/Program Files/Unity/Hub/Editor/2022.3.10f1/Editor/Data/Managed'
Mono path[1] = 'C:/Program Files/Unity/Hub/Editor/2022.3.10f1/Editor/Data/MonoBleedingEdge/lib/mono/unityjit-win32'
Mono config path = 'C:/Program Files/Unity/Hub/Editor/2022.3.10f1/Editor/Data/MonoBleedingEdge/etc'
Using monoOptions --debugger-agent=transport=dt_socket,embedding=1,server=y,suspend=n,address=127.0.0.1:56968
Begin MonoManager ReloadAssembly
Registering precompiled unity dll's ...
Register platform support module: C:/Program Files/Unity/Hub/Editor/2022.3.10f1/Editor/Data/PlaybackEngines/MacStandaloneSupport/UnityEditor.OSXStandalone.Extensions.dll
Register platform support module: C:/Program Files/Unity/Hub/Editor/2022.3.10f1/Editor/Data/PlaybackEngines/AndroidPlayer/UnityEditor.Android.Extensions.dll
Register platform support module: C:/Program Files/Unity/Hub/Editor/2022.3.10f1/Editor/Data/PlaybackEngines/iOSSupport/UnityEditor.iOS.Extensions.dll
Register platform support module: C:/Program Files/Unity/Hub/Editor/2022.3.10f1/Editor/Data/PlaybackEngines/WindowsStandaloneSupport/UnityEditor.WindowsStandalone.Extensions.dll
Registered in 0.018711 seconds.
- Loaded All Assemblies, in  0.474 seconds
Native extension for WindowsStandalone target not found
[usbmuxd] Start listen thread
[usbmuxd] Listen thread started
[usbmuxd] Send listen message
Native extension for iOS target not found
Native extension for Android target not found
Android Extension - Scanning For ADB Devices 486 ms
Native extension for OSXStandalone target not found
Mono: successfully reloaded assembly
- Finished resetting the current domain, in  0.938 seconds
Domain Reload Profiling: 1407ms
	BeginReloadAssembly (134ms)
		ExecutionOrderSort (0ms)
		DisableScriptedObjects (0ms)
		BackupInstance (0ms)
		ReleaseScriptingObjects (0ms)
		CreateAndSetChildDomain (1ms)
	RebuildCommonClasses (45ms)
	RebuildNativeTypeToScriptingClass (14ms)
	initialDomainReloadingComplete (87ms)
	LoadAllAssembliesAndSetupDomain (189ms)
		LoadAssemblies (133ms)
		RebuildTransferFunctionScriptingTraits (0ms)
		AnalyzeDomain (184ms)
			TypeCache.Refresh (183ms)
				TypeCache.ScanAssembly (165ms)
			ScanForSourceGeneratedMonoScriptInfo (1ms)
			ResolveRequiredComponents (1ms)
	FinalizeReload (938ms)
		ReleaseScriptCaches (0ms)
		RebuildScriptCaches (0ms)
		SetupLoadedEditorAssemblies (865ms)
			LogAssemblyErrors (0ms)
			InitializePlatformSupportModulesInManaged (672ms)
			SetLoadedEditorAssemblies (5ms)
			RefreshPlugins (0ms)
			BeforeProcessingInitializeOnLoad (3ms)
			ProcessInitializeOnLoadAttributes (121ms)
			ProcessInitializeOnLoadMethodAttributes (64ms)
			AfterProcessingInitializeOnLoad (0ms)
			EditorAssembliesLoaded (0ms)
		ExecutionOrderSort2 (0ms)
		AwakeInstancesAfterBackupRestoration (0ms)
========================================================================
Worker process is ready to serve import requests
Begin MonoManager ReloadAssembly
- Loaded All Assemblies, in  0.887 seconds
Refreshing native plugins compatible for Editor in 5.38 ms, found 3 plugins.
Native extension for WindowsStandalone target not found
Native extension for iOS target not found
Native extension for Android target not found
Native extension for OSXStandalone target not found
Package Manager log level set to [2]
[Package Manager] Server::EnsureServerProcessIsRunning -- launch failed, reason: Unity was launched with the -noUpm command-line argument
[Package Manager] UpmClient::Send -- Unable to send message (not connected to UPM process).
[Package Manager] Cannot connect to Unity Package Manager local server
Mono: successfully reloaded assembly
- Finished resetting the current domain, in  1.078 seconds
Domain Reload Profiling: 1959ms
	BeginReloadAssembly (180ms)
		ExecutionOrderSort (0ms)
		DisableScriptedObjects (7ms)
		BackupInstance (0ms)
		ReleaseScriptingObjects (0ms)
		CreateAndSetChildDomain (23ms)
	RebuildCommonClasses (44ms)
	RebuildNativeTypeToScriptingClass (14ms)
	initialDomainReloadingComplete (43ms)
	LoadAllAssembliesAndSetupDomain (600ms)
		LoadAssemblies (407ms)
		RebuildTransferFunctionScriptingTraits (0ms)
		AnalyzeDomain (299ms)
			TypeCache.Refresh (256ms)
				TypeCache.ScanAssembly (236ms)
			ScanForSourceGeneratedMonoScriptInfo (30ms)
			ResolveRequiredComponents (12ms)
	FinalizeReload (1078ms)
		ReleaseScriptCaches (0ms)
		RebuildScriptCaches (0ms)
		SetupLoadedEditorAssemblies (860ms)
			LogAssemblyErrors (0ms)
			InitializePlatformSupportModulesInManaged (52ms)
			SetLoadedEditorAssemblies (5ms)
			RefreshPlugins (0ms)
			BeforeProcessingInitializeOnLoad (101ms)
			ProcessInitializeOnLoadAttributes (611ms)
			ProcessInitializeOnLoadMethodAttributes (77ms)
			AfterProcessingInitializeOnLoad (14ms)
			EditorAssembliesLoaded (0ms)
		ExecutionOrderSort2 (0ms)
		AwakeInstancesAfterBackupRestoration (7ms)
Launched and connected shader compiler UnityShaderCompiler.exe after 0.06 seconds
Refreshing native plugins compatible for Editor in 4.90 ms, found 3 plugins.
Preloading 0 native plugins for Editor in 0.00 ms.
Unloading 5227 Unused Serialized files (Serialized files now loaded: 0)
Unloading 72 unused Assets / (348.8 KB). Loaded Objects now: 5690.
Memory consumption went from 209.4 MB to 209.1 MB.
Total: 4.986000 ms (FindLiveObjects: 0.509200 ms CreateObjectMapping: 0.156400 ms MarkObjects: 4.110800 ms  DeleteObjects: 0.208700 ms)

AssetImportParameters requested are different than current active one (requested -> active):
  custom:container-demuxer-ogg: 62fdf1f143b41e24485cea50d1cbac27 -> 
  custom:video-decoder-ogg-theora: a1e56fd34408186e4bbccfd4996cb3dc -> 
  custom:framework-win-MediaFoundation: 216162199b28c13a410421893ffa2e32 -> 
  custom:CustomObjectIndexerAttribute: a3ef5dd2817f97addfee359851a9dba5 -> 
  custom:container-demuxer-webm: 4f35f7cbe854078d1ac9338744f61a02 -> 
  custom:container-muxer-webm: aa71ff27fc2769a1b78a27578f13a17b -> 
  custom:video-decoder-webm-vp8: 9c59270c3fd7afecdb556c50c9e8de78 -> 
  custom:SearchIndexIgnoredProperties: e643bd26f0fe6173181afceb89e7c659 -> 
  custom:AudioImporter_EditorPlatform: d09bf68614088b80899f8185d706f6e7 -> 
  custom:video-encoder-webm-vp8: eb34c28f22e8b96e1ab97ce403110664 -> 
  custom:audio-decoder-ogg-vorbis: bf7c407c2cedff20999df2af8eb42d56 -> 
  custom:audio-encoder-webm-vorbis: bf7c407c2cedff20999df2af8eb42d56 -> 
========================================================================
Received Prepare
Begin MonoManager ReloadAssembly
- Loaded All Assemblies, in  0.694 seconds
Refreshing native plugins compatible for Editor in 5.26 ms, found 3 plugins.
Native extension for WindowsStandalone target not found
Native extension for iOS target not found
Native extension for Android target not found
Native extension for OSXStandalone target not found
[Package Manager] Server::EnsureServerProcessIsRunning -- launch failed, reason: Unity was launched with the -noUpm command-line argument
[Package Manager] UpmClient::Send -- Unable to send message (not connected to UPM process).
[Package Manager] Cannot connect to Unity Package Manager local server
Mono: successfully reloaded assembly
- Finished resetting the current domain, in  2.078 seconds
Domain Reload Profiling: 2767ms
	BeginReloadAssembly (213ms)
		ExecutionOrderSort (0ms)
		DisableScriptedObjects (7ms)
		BackupInstance (0ms)
		ReleaseScriptingObjects (0ms)
		CreateAndSetChildDomain (50ms)
	RebuildCommonClasses (45ms)
	RebuildNativeTypeToScriptingClass (15ms)
	initialDomainReloadingComplete (43ms)
	LoadAllAssembliesAndSetupDomain (372ms)
		LoadAssemblies (432ms)
		RebuildTransferFunctionScriptingTraits (0ms)
		AnalyzeDomain (52ms)
			TypeCache.Refresh (12ms)
				TypeCache.ScanAssembly (1ms)
			ScanForSourceGeneratedMonoScriptInfo (25ms)
			ResolveRequiredComponents (14ms)
	FinalizeReload (2079ms)
		ReleaseScriptCaches (0ms)
		RebuildScriptCaches (0ms)
		SetupLoadedEditorAssemblies (835ms)
			LogAssemblyErrors (0ms)
			InitializePlatformSupportModulesInManaged (66ms)
			SetLoadedEditorAssemblies (6ms)
			RefreshPlugins (0ms)
			BeforeProcessingInitializeOnLoad (107ms)
			ProcessInitializeOnLoadAttributes (567ms)
			ProcessInitializeOnLoadMethodAttributes (76ms)
			AfterProcessingInitializeOnLoad (14ms)
			EditorAssembliesLoaded (0ms)
		ExecutionOrderSort2 (0ms)
		AwakeInstancesAfterBackupRestoration (12ms)
Refreshing native plugins compatible for Editor in 5.28 ms, found 3 plugins.
Preloading 0 native plugins for Editor in 0.00 ms.
Unloading 5067 Unused Serialized files (Serialized files now loaded: 0)
Unloading 43 unused Assets / (318.6 KB). Loaded Objects now: 5695.
Memory consumption went from 179.8 MB to 179.5 MB.
Total: 4.998800 ms (FindLiveObjects: 0.503500 ms CreateObjectMapping: 0.184600 ms MarkObjects: 4.177600 ms  DeleteObjects: 0.131600 ms)

Prepare: number of updated asset objects reloaded= 0
AssetImportParameters requested are different than current active one (requested -> active):
  custom:container-demuxer-ogg: 62fdf1f143b41e24485cea50d1cbac27 -> 
  custom:video-decoder-ogg-theora: a1e56fd34408186e4bbccfd4996cb3dc -> 
  custom:framework-win-MediaFoundation: 216162199b28c13a410421893ffa2e32 -> 
  custom:CustomObjectIndexerAttribute: a3ef5dd2817f97addfee359851a9dba5 -> 
  custom:container-demuxer-webm: 4f35f7cbe854078d1ac9338744f61a02 -> 
  custom:container-muxer-webm: aa71ff27fc2769a1b78a27578f13a17b -> 
  custom:video-decoder-webm-vp8: 9c59270c3fd7afecdb556c50c9e8de78 -> 
  custom:SearchIndexIgnoredProperties: e643bd26f0fe6173181afceb89e7c659 -> 
  custom:AudioImporter_EditorPlatform: d09bf68614088b80899f8185d706f6e7 -> 
  custom:video-encoder-webm-vp8: eb34c28f22e8b96e1ab97ce403110664 -> 
  custom:audio-decoder-ogg-vorbis: bf7c407c2cedff20999df2af8eb42d56 -> 
  custom:audio-encoder-webm-vorbis: bf7c407c2cedff20999df2af8eb42d56 -> 
========================================================================
Received Import Request.
  Time since last request: 159430.133053 seconds.
  path: Assets/_UnJuegoDeAventuras/Scripts/SoundManager.cs
  artifactKey: Guid(54c56973fa7821c41b3ae1282ba3d6e0) Importer(815301076,1909f56bfc062723c751e8b465ee728b)
Start importing Assets/_UnJuegoDeAventuras/Scripts/SoundManager.cs using Guid(54c56973fa7821c41b3ae1282ba3d6e0) Importer(815301076,1909f56bfc062723c751e8b465ee728b)  -> (artifact id: '6354196e605912f1f6b3fd6cfe2fc45c') in 0.002459 seconds
Number of updated asset objects reloaded before import = 0
Number of asset objects unloaded after import = 0
========================================================================
Received Prepare
Begin MonoManager ReloadAssembly
- Loaded All Assemblies, in  0.858 seconds
Refreshing native plugins compatible for Editor in 5.04 ms, found 3 plugins.
Native extension for WindowsStandalone target not found
Native extension for iOS target not found
Native extension for Android target not found
Native extension for OSXStandalone target not found
[Package Manager] Server::EnsureServerProcessIsRunning -- launch failed, reason: Unity was launched with the -noUpm command-line argument
[Package Manager] UpmClient::Send -- Unable to send message (not connected to UPM process).
[Package Manager] Cannot connect to Unity Package Manager local server
Mono: successfully reloaded assembly
- Finished resetting the current domain, in  2.526 seconds
Domain Reload Profiling: 3378ms
	BeginReloadAssembly (286ms)
		ExecutionOrderSort (0ms)
		DisableScriptedObjects (10ms)
		BackupInstance (0ms)
		ReleaseScriptingObjects (0ms)
		CreateAndSetChildDomain (62ms)
	RebuildCommonClasses (71ms)
	RebuildNativeTypeToScriptingClass (21ms)
	initialDomainReloadingComplete (58ms)
	LoadAllAssembliesAndSetupDomain (416ms)
		LoadAssemblies (523ms)
		RebuildTransferFunctionScriptingTraits (0ms)
		AnalyzeDomain (56ms)
			TypeCache.Refresh (13ms)
				TypeCache.ScanAssembly (1ms)
			ScanForSourceGeneratedMonoScriptInfo (27ms)
			ResolveRequiredComponents (15ms)
	FinalizeReload (2527ms)
		ReleaseScriptCaches (0ms)
		RebuildScriptCaches (0ms)
		SetupLoadedEditorAssemblies (824ms)
			LogAssemblyErrors (0ms)
			InitializePlatformSupportModulesInManaged (71ms)
			SetLoadedEditorAssemblies (5ms)
			RefreshPlugins (0ms)
			BeforeProcessingInitializeOnLoad (115ms)
			ProcessInitializeOnLoadAttributes (546ms)
			ProcessInitializeOnLoadMethodAttributes (76ms)
			AfterProcessingInitializeOnLoad (13ms)
			EditorAssembliesLoaded (0ms)
		ExecutionOrderSort2 (0ms)
		AwakeInstancesAfterBackupRestoration (11ms)
Refreshing native plugins compatible for Editor in 5.52 ms, found 3 plugins.
Preloading 0 native plugins for Editor in 0.00 ms.
Unloading 5067 Unused Serialized files (Serialized files now loaded: 0)
Unloading 43 unused Assets / (318.6 KB). Loaded Objects now: 5699.
Memory consumption went from 180.1 MB to 179.8 MB.
Total: 5.142100 ms (FindLiveObjects: 0.483200 ms CreateObjectMapping: 0.156900 ms MarkObjects: 4.375700 ms  DeleteObjects: 0.124500 ms)

Prepare: number of updated asset objects reloaded= 0
AssetImportParameters requested are different than current active one (requested -> active):
  custom:container-demuxer-ogg: 62fdf1f143b41e24485cea50d1cbac27 -> 
  custom:video-decoder-ogg-theora: a1e56fd34408186e4bbccfd4996cb3dc -> 
  custom:framework-win-MediaFoundation: 216162199b28c13a410421893ffa2e32 -> 
  custom:CustomObjectIndexerAttribute: a3ef5dd2817f97addfee359851a9dba5 -> 
  custom:container-demuxer-webm: 4f35f7cbe854078d1ac9338744f61a02 -> 
  custom:container-muxer-webm: aa71ff27fc2769a1b78a27578f13a17b -> 
  custom:video-decoder-webm-vp8: 9c59270c3fd7afecdb556c50c9e8de78 -> 
  custom:SearchIndexIgnoredProperties: e643bd26f0fe6173181afceb89e7c659 -> 
  custom:AudioImporter_EditorPlatform: d09bf68614088b80899f8185d706f6e7 -> 
  custom:video-encoder-webm-vp8: eb34c28f22e8b96e1ab97ce403110664 -> 
  custom:audio-decoder-ogg-vorbis: bf7c407c2cedff20999df2af8eb42d56 -> 
  custom:audio-encoder-webm-vorbis: bf7c407c2cedff20999df2af8eb42d56 -> 
========================================================================
Received Prepare
Begin MonoManager ReloadAssembly
- Loaded All Assemblies, in  0.701 seconds
Refreshing native plugins compatible for Editor in 5.66 ms, found 3 plugins.
Native extension for WindowsStandalone target not found
Native extension for iOS target not found
Native extension for Android target not found
Native extension for OSXStandalone target not found
[Package Manager] Server::EnsureServerProcessIsRunning -- launch failed, reason: Unity was launched with the -noUpm command-line argument
[Package Manager] UpmClient::Send -- Unable to send message (not connected to UPM process).
[Package Manager] Cannot connect to Unity Package Manager local server
Mono: successfully reloaded assembly
- Finished resetting the current domain, in  1.836 seconds
Domain Reload Profiling: 2533ms
	BeginReloadAssembly (210ms)
		ExecutionOrderSort (0ms)
		DisableScriptedObjects (7ms)
		BackupInstance (0ms)
		ReleaseScriptingObjects (0ms)
		CreateAndSetChildDomain (44ms)
	RebuildCommonClasses (44ms)
	RebuildNativeTypeToScriptingClass (15ms)
	initialDomainReloadingComplete (43ms)
	LoadAllAssembliesAndSetupDomain (386ms)
		LoadAssemblies (437ms)
		RebuildTransferFunctionScriptingTraits (0ms)
		AnalyzeDomain (68ms)
			TypeCache.Refresh (18ms)
				TypeCache.ScanAssembly (2ms)
			ScanForSourceGeneratedMonoScriptInfo (34ms)
			ResolveRequiredComponents (14ms)
	FinalizeReload (1837ms)
		ReleaseScriptCaches (0ms)
		RebuildScriptCaches (0ms)
		SetupLoadedEditorAssemblies (804ms)
			LogAssemblyErrors (0ms)
			InitializePlatformSupportModulesInManaged (54ms)
			SetLoadedEditorAssemblies (4ms)
			RefreshPlugins (0ms)
			BeforeProcessingInitializeOnLoad (100ms)
			ProcessInitializeOnLoadAttributes (554ms)
			ProcessInitializeOnLoadMethodAttributes (79ms)
			AfterProcessingInitializeOnLoad (14ms)
			EditorAssembliesLoaded (0ms)
		ExecutionOrderSort2 (0ms)
		AwakeInstancesAfterBackupRestoration (12ms)
Refreshing native plugins compatible for Editor in 5.27 ms, found 3 plugins.
Preloading 0 native plugins for Editor in 0.00 ms.
Unloading 5067 Unused Serialized files (Serialized files now loaded: 0)
Unloading 43 unused Assets / (318.8 KB). Loaded Objects now: 5703.
Memory consumption went from 180.1 MB to 179.8 MB.
Total: 4.968100 ms (FindLiveObjects: 0.502200 ms CreateObjectMapping: 0.178800 ms MarkObjects: 4.158500 ms  DeleteObjects: 0.126700 ms)

Prepare: number of updated asset objects reloaded= 0
AssetImportParameters requested are different than current active one (requested -> active):
  custom:container-demuxer-ogg: 62fdf1f143b41e24485cea50d1cbac27 -> 
  custom:video-decoder-ogg-theora: a1e56fd34408186e4bbccfd4996cb3dc -> 
  custom:framework-win-MediaFoundation: 216162199b28c13a410421893ffa2e32 -> 
  custom:CustomObjectIndexerAttribute: a3ef5dd2817f97addfee359851a9dba5 -> 
  custom:container-demuxer-webm: 4f35f7cbe854078d1ac9338744f61a02 -> 
  custom:container-muxer-webm: aa71ff27fc2769a1b78a27578f13a17b -> 
  custom:video-decoder-webm-vp8: 9c59270c3fd7afecdb556c50c9e8de78 -> 
  custom:SearchIndexIgnoredProperties: e643bd26f0fe6173181afceb89e7c659 -> 
  custom:AudioImporter_EditorPlatform: d09bf68614088b80899f8185d706f6e7 -> 
  custom:video-encoder-webm-vp8: eb34c28f22e8b96e1ab97ce403110664 -> 
  custom:audio-decoder-ogg-vorbis: bf7c407c2cedff20999df2af8eb42d56 -> 
  custom:audio-encoder-webm-vorbis: bf7c407c2cedff20999df2af8eb42d56 -> 
========================================================================
Received Import Request.
  Time since last request: 912.903778 seconds.
  path: Assets/Game Music Stingers and UI SFX Pack 2/UI_SFX/Stinger/CGM3_Funny_Negative_Feedback_01_2.wav
  artifactKey: Guid(419bd91efe4854866a5c1d2fb5535955) Importer(815301076,1909f56bfc062723c751e8b465ee728b)
Start importing Assets/Game Music Stingers and UI SFX Pack 2/UI_SFX/Stinger/CGM3_Funny_Negative_Feedback_01_2.wav using Guid(419bd91efe4854866a5c1d2fb5535955) Importer(815301076,1909f56bfc062723c751e8b465ee728b)  -> (artifact id: 'a0edf14d6545cfbbb61d6993e5c45f83') in 0.116587 seconds
Number of updated asset objects reloaded before import = 0
Number of asset objects unloaded after import = 2
========================================================================
Received Import Request.
  Time since last request: 0.000035 seconds.
  path: Assets/Game Music Stingers and UI SFX Pack 2/UI_SFX/Stinger/LQ_Correct_Answer_01.wav
  artifactKey: Guid(79794c954306a43d3af2700d280fec44) Importer(815301076,1909f56bfc062723c751e8b465ee728b)
Start importing Assets/Game Music Stingers and UI SFX Pack 2/UI_SFX/Stinger/LQ_Correct_Answer_01.wav using Guid(79794c954306a43d3af2700d280fec44) Importer(815301076,1909f56bfc062723c751e8b465ee728b)  -> (artifact id: 'b6587b84b3b296437dc20eb28b2c963b') in 0.016417 seconds
Number of updated asset objects reloaded before import = 0
Number of asset objects unloaded after import = 2
========================================================================
Received Import Request.
  Time since last request: 0.000020 seconds.
  path: Assets/Game Music Stingers and UI SFX Pack 2/UI_SFX/Stinger/LQ_Correct_Answer_04.wav
  artifactKey: Guid(340371e45d2fe46a88f8dae3f90ff9c0) Importer(815301076,1909f56bfc062723c751e8b465ee728b)
Start importing Assets/Game Music Stingers and UI SFX Pack 2/UI_SFX/Stinger/LQ_Correct_Answer_04.wav using Guid(340371e45d2fe46a88f8dae3f90ff9c0) Importer(815301076,1909f56bfc062723c751e8b465ee728b)  -> (artifact id: '457665dc3b451d05863b9be76501621a') in 0.020670 seconds
Number of updated asset objects reloaded before import = 0
Number of asset objects unloaded after import = 2
========================================================================
Received Import Request.
  Time since last request: 0.000039 seconds.
  path: Assets/Game Music Stingers and UI SFX Pack 2/UI_SFX/Stinger/PP_Negative_Trigger_1_1.wav
  artifactKey: Guid(8364c094c912a4597b2286fea1eea648) Importer(815301076,1909f56bfc062723c751e8b465ee728b)
Start importing Assets/Game Music Stingers and UI SFX Pack 2/UI_SFX/Stinger/PP_Negative_Trigger_1_1.wav using Guid(8364c094c912a4597b2286fea1eea648) Importer(815301076,1909f56bfc062723c751e8b465ee728b)  -> (artifact id: 'e65ca1ea96491e29943adc8bcadc5605') in 0.016954 seconds
Number of updated asset objects reloaded before import = 0
Number of asset objects unloaded after import = 2
========================================================================
Received Import Request.
  Time since last request: 0.000030 seconds.
  path: Assets/Game Music Stingers and UI SFX Pack 2/UI_SFX/Stinger/PP_Negative_Feedback.wav
  artifactKey: Guid(0e198c36ca1274a958afc42f614f2870) Importer(815301076,1909f56bfc062723c751e8b465ee728b)
Start importing Assets/Game Music Stingers and UI SFX Pack 2/UI_SFX/Stinger/PP_Negative_Feedback.wav using Guid(0e198c36ca1274a958afc42f614f2870) Importer(815301076,1909f56bfc062723c751e8b465ee728b)  -> (artifact id: '553e8c7bec6b67dee40f7eb7f86ff5c8') in 0.013304 seconds
Number of updated asset objects reloaded before import = 0
Number of asset objects unloaded after import = 2
========================================================================
Received Import Request.
  Time since last request: 0.000020 seconds.
  path: Assets/Game Music Stingers and UI SFX Pack 2/UI_SFX/Stinger/CGM3_Funny_Negative_Feedback_01_3.wav
  artifactKey: Guid(d15b3e29e60eb4711a47329e1ed0befd) Importer(815301076,1909f56bfc062723c751e8b465ee728b)
Start importing Assets/Game Music Stingers and UI SFX Pack 2/UI_SFX/Stinger/CGM3_Funny_Negative_Feedback_01_3.wav using Guid(d15b3e29e60eb4711a47329e1ed0befd) Importer(815301076,1909f56bfc062723c751e8b465ee728b)  -> (artifact id: 'b68607bc026b2551b05f3f25009c1b6d') in 0.014037 seconds
Number of updated asset objects reloaded before import = 0
Number of asset objects unloaded after import = 2
========================================================================
Received Import Request.
  Time since last request: 0.000018 seconds.
  path: Assets/Game Music Stingers and UI SFX Pack 2/UI_SFX/Stinger/LQ_Correct_Answer_03.wav
  artifactKey: Guid(a8e59f8fd9c3247fc88a6f3419f1cfe5) Importer(815301076,1909f56bfc062723c751e8b465ee728b)
Start importing Assets/Game Music Stingers and UI SFX Pack 2/UI_SFX/Stinger/LQ_Correct_Answer_03.wav using Guid(a8e59f8fd9c3247fc88a6f3419f1cfe5) Importer(815301076,1909f56bfc062723c751e8b465ee728b)  -> (artifact id: 'c0705b81d20e464c2efc36a139c42aa3') in 0.014284 seconds
Number of updated asset objects reloaded before import = 0
Number of asset objects unloaded after import = 2
========================================================================
Received Import Request.
  Time since last request: 0.000020 seconds.
  path: Assets/Game Music Stingers and UI SFX Pack 2/UI_SFX/Stinger/LQ_Positive_Notification.wav
  artifactKey: Guid(e89e980769e344db2a91056aa403a40e) Importer(815301076,1909f56bfc062723c751e8b465ee728b)
Start importing Assets/Game Music Stingers and UI SFX Pack 2/UI_SFX/Stinger/LQ_Positive_Notification.wav using Guid(e89e980769e344db2a91056aa403a40e) Importer(815301076,1909f56bfc062723c751e8b465ee728b)  -> (artifact id: '8e3ef56607582c01ce728cf877d16d65') in 0.016622 seconds
Number of updated asset objects reloaded before import = 0
Number of asset objects unloaded after import = 2
========================================================================
Received Import Request.
  Time since last request: 7.554638 seconds.
  path: Assets/Game Music Stingers and UI SFX Pack 2/UI_SFX/Misc/CGM3_Plant_Seed_01_1.wav
  artifactKey: Guid(9521b79024f8b4d23981b0eefe21e9d4) Importer(815301076,1909f56bfc062723c751e8b465ee728b)
Start importing Assets/Game Music Stingers and UI SFX Pack 2/UI_SFX/Misc/CGM3_Plant_Seed_01_1.wav using Guid(9521b79024f8b4d23981b0eefe21e9d4) Importer(815301076,1909f56bfc062723c751e8b465ee728b)  -> (artifact id: '4f7ff9c04684b8bba30e751c81afc9d9') in 0.014507 seconds
Number of updated asset objects reloaded before import = 0
Number of asset objects unloaded after import = 2
========================================================================
Received Import Request.
  Time since last request: 0.000025 seconds.
  path: Assets/Game Music Stingers and UI SFX Pack 2/UI_SFX/Misc/FA_Count_Down_Beep.wav
  artifactKey: Guid(07f9bf9bc9409464b9b5e6465cec8c02) Importer(815301076,1909f56bfc062723c751e8b465ee728b)
Start importing Assets/Game Music Stingers and UI SFX Pack 2/UI_SFX/Misc/FA_Count_Down_Beep.wav using Guid(07f9bf9bc9409464b9b5e6465cec8c02) Importer(815301076,1909f56bfc062723c751e8b465ee728b)  -> (artifact id: '2215d677a9f1a70bc2193e122c4ebf59') in 0.014767 seconds
Number of updated asset objects reloaded before import = 0
Number of asset objects unloaded after import = 2
========================================================================
Received Import Request.
  Time since last request: 0.000028 seconds.
  path: Assets/Game Music Stingers and UI SFX Pack 2/UI_SFX/Misc/FA_Funny_Impact_1_2.wav
  artifactKey: Guid(849cfcf48bbc5470097f92e2f2dea675) Importer(815301076,1909f56bfc062723c751e8b465ee728b)
Start importing Assets/Game Music Stingers and UI SFX Pack 2/UI_SFX/Misc/FA_Funny_Impact_1_2.wav using Guid(849cfcf48bbc5470097f92e2f2dea675) Importer(815301076,1909f56bfc062723c751e8b465ee728b)  -> (artifact id: '3111f9fdf282b21c9f311116777f0196') in 0.015299 seconds
Number of updated asset objects reloaded before import = 0
Number of asset objects unloaded after import = 2
========================================================================
Received Import Request.
  Time since last request: 0.000205 seconds.
  path: Assets/Game Music Stingers and UI SFX Pack 2/UI_SFX/Misc/CGM3_Plow_01_2.wav
  artifactKey: Guid(c09d44264b759419eaafa569f53b749a) Importer(815301076,1909f56bfc062723c751e8b465ee728b)
Start importing Assets/Game Music Stingers and UI SFX Pack 2/UI_SFX/Misc/CGM3_Plow_01_2.wav using Guid(c09d44264b759419eaafa569f53b749a) Importer(815301076,1909f56bfc062723c751e8b465ee728b)  -> (artifact id: '3ffa416f2958ac6ec7ebe7dff7013677') in 0.015669 seconds
Number of updated asset objects reloaded before import = 0
Number of asset objects unloaded after import = 2
========================================================================
Received Import Request.
  Time since last request: 0.000016 seconds.
  path: Assets/Game Music Stingers and UI SFX Pack 2/UI_SFX/Misc/FA_Cute_Dash_1_3.wav
  artifactKey: Guid(db79b3a01932f479ebaf7560c96b47f8) Importer(815301076,1909f56bfc062723c751e8b465ee728b)
Start importing Assets/Game Music Stingers and UI SFX Pack 2/UI_SFX/Misc/FA_Cute_Dash_1_3.wav using Guid(db79b3a01932f479ebaf7560c96b47f8) Importer(815301076,1909f56bfc062723c751e8b465ee728b)  -> (artifact id: '95cf9aeed5fb3ce158e5b9fed564709f') in 0.016535 seconds
Number of updated asset objects reloaded before import = 0
Number of asset objects unloaded after import = 2
========================================================================
Received Import Request.
  Time since last request: 0.000018 seconds.
  path: Assets/Game Music Stingers and UI SFX Pack 2/UI_SFX/Misc/CGM3_Plant_Seed_01_2.wav
  artifactKey: Guid(571282640c9c2447996facf0c8d74c0b) Importer(815301076,1909f56bfc062723c751e8b465ee728b)
Start importing Assets/Game Music Stingers and UI SFX Pack 2/UI_SFX/Misc/CGM3_Plant_Seed_01_2.wav using Guid(571282640c9c2447996facf0c8d74c0b) Importer(815301076,1909f56bfc062723c751e8b465ee728b)  -> (artifact id: '285f3711f45b021b102725a0b97394dd') in 0.016417 seconds
Number of updated asset objects reloaded before import = 0
Number of asset objects unloaded after import = 2
========================================================================
Received Import Request.
  Time since last request: 0.000021 seconds.
  path: Assets/Game Music Stingers and UI SFX Pack 2/UI_SFX/Misc/FA_Cute_Jump.wav
  artifactKey: Guid(a465ea594fbb14de0914d881b9058984) Importer(815301076,1909f56bfc062723c751e8b465ee728b)
Start importing Assets/Game Music Stingers and UI SFX Pack 2/UI_SFX/Misc/FA_Cute_Jump.wav using Guid(a465ea594fbb14de0914d881b9058984) Importer(815301076,1909f56bfc062723c751e8b465ee728b)  -> (artifact id: '9c38c5277c63dc2ff5842e0154289259') in 0.035964 seconds
Number of updated asset objects reloaded before import = 0
Number of asset objects unloaded after import = 2
========================================================================
Received Import Request.
  Time since last request: 0.000022 seconds.
  path: Assets/Game Music Stingers and UI SFX Pack 2/UI_SFX/Misc/FA_Cute_Dash_1_1.wav
  artifactKey: Guid(0062d77c7b3284c6daa9169c44c5f7f5) Importer(815301076,1909f56bfc062723c751e8b465ee728b)
Start importing Assets/Game Music Stingers and UI SFX Pack 2/UI_SFX/Misc/FA_Cute_Dash_1_1.wav using Guid(0062d77c7b3284c6daa9169c44c5f7f5) Importer(815301076,1909f56bfc062723c751e8b465ee728b)  -> (artifact id: '8da5c0b9fb5f83e58596656a0b6ca09f') in 0.014332 seconds
Number of updated asset objects reloaded before import = 0
Number of asset objects unloaded after import = 2
========================================================================
Received Import Request.
  Time since last request: 4.514371 seconds.
  path: Assets/Game Music Stingers and UI SFX Pack 2/UI_SFX/Misc/FA_Lap_Complete_1_2.wav
  artifactKey: Guid(fafce262fca2b4b70beff56914b1b4d7) Importer(815301076,1909f56bfc062723c751e8b465ee728b)
Start importing Assets/Game Music Stingers and UI SFX Pack 2/UI_SFX/Misc/FA_Lap_Complete_1_2.wav using Guid(fafce262fca2b4b70beff56914b1b4d7) Importer(815301076,1909f56bfc062723c751e8b465ee728b)  -> (artifact id: '7190a83ab32d13990116eb3d105adf14') in 0.017775 seconds
Number of updated asset objects reloaded before import = 0
Number of asset objects unloaded after import = 2
========================================================================
Received Import Request.
  Time since last request: 0.000021 seconds.
  path: Assets/Game Music Stingers and UI SFX Pack 2/UI_SFX/Misc/FA_Scale_2.wav
  artifactKey: Guid(c2a174aa4b86f4013b4b6854f6accfb4) Importer(815301076,1909f56bfc062723c751e8b465ee728b)
Start importing Assets/Game Music Stingers and UI SFX Pack 2/UI_SFX/Misc/FA_Scale_2.wav using Guid(c2a174aa4b86f4013b4b6854f6accfb4) Importer(815301076,1909f56bfc062723c751e8b465ee728b)  -> (artifact id: '287554d0a27e7bfa4a307b6a2fddd5cb') in 0.014801 seconds
Number of updated asset objects reloaded before import = 0
Number of asset objects unloaded after import = 2
========================================================================
Received Import Request.
  Time since last request: 0.000017 seconds.
  path: Assets/Game Music Stingers and UI SFX Pack 2/UI_SFX/Misc/FA_Scale_11.wav
  artifactKey: Guid(137de26624c3248aeb8ce298f19fb87e) Importer(815301076,1909f56bfc062723c751e8b465ee728b)
Start importing Assets/Game Music Stingers and UI SFX Pack 2/UI_SFX/Misc/FA_Scale_11.wav using Guid(137de26624c3248aeb8ce298f19fb87e) Importer(815301076,1909f56bfc062723c751e8b465ee728b)  -> (artifact id: '8f56525a03ab59e495ed5d76ae556de6') in 0.018623 seconds
Number of updated asset objects reloaded before import = 0
Number of asset objects unloaded after import = 2
========================================================================
Received Import Request.
  Time since last request: 0.000022 seconds.
  path: Assets/Game Music Stingers and UI SFX Pack 2/UI_SFX/Misc/FA_Whoosh_1_3.wav
  artifactKey: Guid(881ec96694f1a456094b9a2da21ea901) Importer(815301076,1909f56bfc062723c751e8b465ee728b)
Start importing Assets/Game Music Stingers and UI SFX Pack 2/UI_SFX/Misc/FA_Whoosh_1_3.wav using Guid(881ec96694f1a456094b9a2da21ea901) Importer(815301076,1909f56bfc062723c751e8b465ee728b)  -> (artifact id: '4c89be60760b45b3c9189e2b9e7ba868') in 0.023840 seconds
Number of updated asset objects reloaded before import = 0
Number of asset objects unloaded after import = 2
========================================================================
Received Import Request.
  Time since last request: 0.000029 seconds.
  path: Assets/Game Music Stingers and UI SFX Pack 2/UI_SFX/Misc/FA_Scale_7.wav
  artifactKey: Guid(ba29c93510cb44c909f91b3a7c4c26ff) Importer(815301076,1909f56bfc062723c751e8b465ee728b)
Start importing Assets/Game Music Stingers and UI SFX Pack 2/UI_SFX/Misc/FA_Scale_7.wav using Guid(ba29c93510cb44c909f91b3a7c4c26ff) Importer(815301076,1909f56bfc062723c751e8b465ee728b)  -> (artifact id: 'c3e3ff560a6a217dcf23ce255629cb0e') in 0.032168 seconds
Number of updated asset objects reloaded before import = 0
Number of asset objects unloaded after import = 2
========================================================================
Received Import Request.
  Time since last request: 0.000024 seconds.
  path: Assets/Game Music Stingers and UI SFX Pack 2/UI_SFX/Misc/FA_Scale_End.wav
  artifactKey: Guid(ca13de64e56384cf498bc0d43829d6d8) Importer(815301076,1909f56bfc062723c751e8b465ee728b)
Start importing Assets/Game Music Stingers and UI SFX Pack 2/UI_SFX/Misc/FA_Scale_End.wav using Guid(ca13de64e56384cf498bc0d43829d6d8) Importer(815301076,1909f56bfc062723c751e8b465ee728b)  -> (artifact id: 'a6e0c34a6a2a546414dba256bec665c6') in 0.020426 seconds
Number of updated asset objects reloaded before import = 0
Number of asset objects unloaded after import = 2
========================================================================
Received Import Request.
  Time since last request: 0.000031 seconds.
  path: Assets/Game Music Stingers and UI SFX Pack 2/UI_SFX/Misc/FA_Speed_Up.wav
  artifactKey: Guid(fff0eb72ebc5943ed9fd7c0328986960) Importer(815301076,1909f56bfc062723c751e8b465ee728b)
Start importing Assets/Game Music Stingers and UI SFX Pack 2/UI_SFX/Misc/FA_Speed_Up.wav using Guid(fff0eb72ebc5943ed9fd7c0328986960) Importer(815301076,1909f56bfc062723c751e8b465ee728b)  -> (artifact id: '1e879bc635fea1bcb6cda95d669726f0') in 0.024646 seconds
Number of updated asset objects reloaded before import = 0
Number of asset objects unloaded after import = 2
========================================================================
Received Import Request.
  Time since last request: 0.000022 seconds.
  path: Assets/Game Music Stingers and UI SFX Pack 2/UI_SFX/Misc/FA_Scale_10.wav
  artifactKey: Guid(dd8e2924b5868436ba484be8c7dac3a6) Importer(815301076,1909f56bfc062723c751e8b465ee728b)
Start importing Assets/Game Music Stingers and UI SFX Pack 2/UI_SFX/Misc/FA_Scale_10.wav using Guid(dd8e2924b5868436ba484be8c7dac3a6) Importer(815301076,1909f56bfc062723c751e8b465ee728b)  -> (artifact id: '111385276c6101691f2824146668b637') in 0.019648 seconds
Number of updated asset objects reloaded before import = 0
Number of asset objects unloaded after import = 2
========================================================================
Received Import Request.
  Time since last request: 38.404974 seconds.
  path: Assets/Game Music Stingers and UI SFX Pack 2/UI_SFX/Misc/LQ_Comedy_Drop.wav
  artifactKey: Guid(6d17626b95ec54c36b0baf911f4b8ff2) Importer(815301076,1909f56bfc062723c751e8b465ee728b)
Start importing Assets/Game Music Stingers and UI SFX Pack 2/UI_SFX/Misc/LQ_Comedy_Drop.wav using Guid(6d17626b95ec54c36b0baf911f4b8ff2) Importer(815301076,1909f56bfc062723c751e8b465ee728b)  -> (artifact id: 'b684b48f4ce77ed6da3e794779c527ce') in 0.014516 seconds
Number of updated asset objects reloaded before import = 0
Number of asset objects unloaded after import = 2
========================================================================
Received Import Request.
  Time since last request: 0.021108 seconds.
  path: Assets/Game Music Stingers and UI SFX Pack 2/UI_SFX/Misc/LQ_Timer_End_1_1.wav
  artifactKey: Guid(171108e279f834fd181474de640efb70) Importer(815301076,1909f56bfc062723c751e8b465ee728b)
Start importing Assets/Game Music Stingers and UI SFX Pack 2/UI_SFX/Misc/LQ_Timer_End_1_1.wav using Guid(171108e279f834fd181474de640efb70) Importer(815301076,1909f56bfc062723c751e8b465ee728b)  -> (artifact id: 'c62a39f546f664f40e16caf84af2c9f0') in 0.013321 seconds
Number of updated asset objects reloaded before import = 0
Number of asset objects unloaded after import = 2
========================================================================
Received Import Request.
  Time since last request: 0.000028 seconds.
  path: Assets/Game Music Stingers and UI SFX Pack 2/UI_SFX/Misc/PP_Cute_Impact_1_3.wav
  artifactKey: Guid(7c117f06cbcc94d6ab73635e731b2eec) Importer(815301076,1909f56bfc062723c751e8b465ee728b)
Start importing Assets/Game Music Stingers and UI SFX Pack 2/UI_SFX/Misc/PP_Cute_Impact_1_3.wav using Guid(7c117f06cbcc94d6ab73635e731b2eec) Importer(815301076,1909f56bfc062723c751e8b465ee728b)  -> (artifact id: '1254fa5f706024505a38460aca47d6c5') in 0.013740 seconds
Number of updated asset objects reloaded before import = 0
Number of asset objects unloaded after import = 2
========================================================================
Received Import Request.
  Time since last request: 8.757744 seconds.
  path: Assets/Game Music Stingers and UI SFX Pack 2/UI_SFX/Misc/PP_Explosion_1_1.wav
  artifactKey: Guid(bfb7451e951e04102acf753d1c02abe2) Importer(815301076,1909f56bfc062723c751e8b465ee728b)
Start importing Assets/Game Music Stingers and UI SFX Pack 2/UI_SFX/Misc/PP_Explosion_1_1.wav using Guid(bfb7451e951e04102acf753d1c02abe2) Importer(815301076,1909f56bfc062723c751e8b465ee728b)  -> (artifact id: '6cd0ebd723a5dffcf00e03bad9ed699c') in 0.015317 seconds
Number of updated asset objects reloaded before import = 0
Number of asset objects unloaded after import = 2
========================================================================
Received Import Request.
  Time since last request: 0.000017 seconds.
  path: Assets/Game Music Stingers and UI SFX Pack 2/UI_SFX/Misc/PP_Explosion_1_4.wav
  artifactKey: Guid(84f949182ddb44a06afb10898c34fc4e) Importer(815301076,1909f56bfc062723c751e8b465ee728b)
Start importing Assets/Game Music Stingers and UI SFX Pack 2/UI_SFX/Misc/PP_Explosion_1_4.wav using Guid(84f949182ddb44a06afb10898c34fc4e) Importer(815301076,1909f56bfc062723c751e8b465ee728b)  -> (artifact id: '7e545bc51e82619085ae02afc4889207') in 0.014943 seconds
Number of updated asset objects reloaded before import = 0
Number of asset objects unloaded after import = 2
========================================================================
Received Import Request.
  Time since last request: 0.000017 seconds.
  path: Assets/Game Music Stingers and UI SFX Pack 2/UI_SFX/Misc/PP_Jump_1_2.wav
  artifactKey: Guid(f3f5eb2eedf1d408db78bfe87e945e24) Importer(815301076,1909f56bfc062723c751e8b465ee728b)
Start importing Assets/Game Music Stingers and UI SFX Pack 2/UI_SFX/Misc/PP_Jump_1_2.wav using Guid(f3f5eb2eedf1d408db78bfe87e945e24) Importer(815301076,1909f56bfc062723c751e8b465ee728b)  -> (artifact id: '69a8912138ea4c0bd04ee2990d6f106e') in 0.014449 seconds
Number of updated asset objects reloaded before import = 0
Number of asset objects unloaded after import = 2
========================================================================
Received Import Request.
  Time since last request: 0.000017 seconds.
  path: Assets/Game Music Stingers and UI SFX Pack 2/UI_SFX/Misc/PP_Jump_1_4.wav
  artifactKey: Guid(97b532ca80a974037aa84878cf849613) Importer(815301076,1909f56bfc062723c751e8b465ee728b)
Start importing Assets/Game Music Stingers and UI SFX Pack 2/UI_SFX/Misc/PP_Jump_1_4.wav using Guid(97b532ca80a974037aa84878cf849613) Importer(815301076,1909f56bfc062723c751e8b465ee728b)  -> (artifact id: '871ffb00d2a8938fc87e43fa302a2b9f') in 0.015058 seconds
Number of updated asset objects reloaded before import = 0
Number of asset objects unloaded after import = 2
========================================================================
Received Import Request.
  Time since last request: 2.562144 seconds.
  path: Assets/Game Music Stingers and UI SFX Pack 2/UI_SFX/Misc/PP_Monster_Alert_1_1.wav
  artifactKey: Guid(d66b10b65daf44adf8198d06a6a9d2c7) Importer(815301076,1909f56bfc062723c751e8b465ee728b)
Start importing Assets/Game Music Stingers and UI SFX Pack 2/UI_SFX/Misc/PP_Monster_Alert_1_1.wav using Guid(d66b10b65daf44adf8198d06a6a9d2c7) Importer(815301076,1909f56bfc062723c751e8b465ee728b)  -> (artifact id: 'a4ae80cadcdeb334e04ba94ae5f609f8') in 0.016085 seconds
Number of updated asset objects reloaded before import = 0
Number of asset objects unloaded after import = 2
========================================================================
Received Import Request.
  Time since last request: 0.000019 seconds.
  path: Assets/Game Music Stingers and UI SFX Pack 2/UI_SFX/Misc/PP_Player_Dies_1_1.wav
  artifactKey: Guid(9481876fe94624de59ba997cdff5abf1) Importer(815301076,1909f56bfc062723c751e8b465ee728b)
Start importing Assets/Game Music Stingers and UI SFX Pack 2/UI_SFX/Misc/PP_Player_Dies_1_1.wav using Guid(9481876fe94624de59ba997cdff5abf1) Importer(815301076,1909f56bfc062723c751e8b465ee728b)  -> (artifact id: '9430ee922af897eb5b7c84ee7dd5c29d') in 0.015704 seconds
Number of updated asset objects reloaded before import = 0
Number of asset objects unloaded after import = 2
========================================================================
Received Import Request.
  Time since last request: 0.000021 seconds.
  path: Assets/Game Music Stingers and UI SFX Pack 2/UI_SFX/Misc/PP_Monster_Dissipate.wav
  artifactKey: Guid(e028ac4594f69429ab8b0f297ad26b45) Importer(815301076,1909f56bfc062723c751e8b465ee728b)
Start importing Assets/Game Music Stingers and UI SFX Pack 2/UI_SFX/Misc/PP_Monster_Dissipate.wav using Guid(e028ac4594f69429ab8b0f297ad26b45) Importer(815301076,1909f56bfc062723c751e8b465ee728b)  -> (artifact id: 'd082f28c2149d71c61d766368287a704') in 0.015922 seconds
Number of updated asset objects reloaded before import = 0
Number of asset objects unloaded after import = 2
========================================================================
Received Import Request.
  Time since last request: 56.435930 seconds.
  path: Assets/Game Music Stingers and UI SFX Pack 2/UI_SFX/Misc/PP_Summon.wav
  artifactKey: Guid(84c4386a89c9d4e1bb5aa548cf712804) Importer(815301076,1909f56bfc062723c751e8b465ee728b)
Start importing Assets/Game Music Stingers and UI SFX Pack 2/UI_SFX/Misc/PP_Summon.wav using Guid(84c4386a89c9d4e1bb5aa548cf712804) Importer(815301076,1909f56bfc062723c751e8b465ee728b)  -> (artifact id: '153e67b31932959c24967b7a06985b4f') in 0.015827 seconds
Number of updated asset objects reloaded before import = 0
Number of asset objects unloaded after import = 2
========================================================================
Received Import Request.
  Time since last request: 0.000016 seconds.
  path: Assets/Game Music Stingers and UI SFX Pack 2/UI_SFX/Misc/PP_Whoosh_1_1.wav
  artifactKey: Guid(01d0a3486283f403981eab77081251eb) Importer(815301076,1909f56bfc062723c751e8b465ee728b)
Start importing Assets/Game Music Stingers and UI SFX Pack 2/UI_SFX/Misc/PP_Whoosh_1_1.wav using Guid(01d0a3486283f403981eab77081251eb) Importer(815301076,1909f56bfc062723c751e8b465ee728b)  -> (artifact id: '5c97aeac1d447114717ab3f9984f3f32') in 0.017189 seconds
Number of updated asset objects reloaded before import = 0
Number of asset objects unloaded after import = 2
========================================================================
Received Import Request.
  Time since last request: 64.233842 seconds.
  path: Assets/Game Music Stingers and UI SFX Pack 2/UI_SFX/Collect Item/FA_Collect_Coin_1_1.wav
  artifactKey: Guid(5cd73b5d2c9fd45cd8cf969c73c8f6e5) Importer(815301076,1909f56bfc062723c751e8b465ee728b)
Start importing Assets/Game Music Stingers and UI SFX Pack 2/UI_SFX/Collect Item/FA_Collect_Coin_1_1.wav using Guid(5cd73b5d2c9fd45cd8cf969c73c8f6e5) Importer(815301076,1909f56bfc062723c751e8b465ee728b)  -> (artifact id: '08e16e1dddf7b28fc17532be094487a0') in 0.016377 seconds
Number of updated asset objects reloaded before import = 0
Number of asset objects unloaded after import = 2
========================================================================
Received Import Request.
  Time since last request: 0.000027 seconds.
  path: Assets/Game Music Stingers and UI SFX Pack 2/UI_SFX/Collect Item/FA_Collect_Coin_1_3.wav
  artifactKey: Guid(30602171e3eca4a67b7e05654039952d) Importer(815301076,1909f56bfc062723c751e8b465ee728b)
Start importing Assets/Game Music Stingers and UI SFX Pack 2/UI_SFX/Collect Item/FA_Collect_Coin_1_3.wav using Guid(30602171e3eca4a67b7e05654039952d) Importer(815301076,1909f56bfc062723c751e8b465ee728b)  -> (artifact id: '516d47e75e2632612cf4e8d4eeeb2a73') in 0.028222 seconds
Number of updated asset objects reloaded before import = 0
Number of asset objects unloaded after import = 2
========================================================================
Received Import Request.
  Time since last request: 0.000026 seconds.
  path: Assets/Game Music Stingers and UI SFX Pack 2/UI_SFX/Collect Item/PP_Collect_Item_1_2.wav
  artifactKey: Guid(687cce759e43a48918598e97e99344d5) Importer(815301076,1909f56bfc062723c751e8b465ee728b)
Start importing Assets/Game Music Stingers and UI SFX Pack 2/UI_SFX/Collect Item/PP_Collect_Item_1_2.wav using Guid(687cce759e43a48918598e97e99344d5) Importer(815301076,1909f56bfc062723c751e8b465ee728b)  -> (artifact id: '54cfc535411ab5d8fc6d3bf078e90ccc') in 0.021517 seconds
Number of updated asset objects reloaded before import = 0
Number of asset objects unloaded after import = 2
========================================================================
Received Import Request.
  Time since last request: 0.000018 seconds.
  path: Assets/Game Music Stingers and UI SFX Pack 2/UI_SFX/Collect Item/PP_Collect_Coin_1_1.wav
  artifactKey: Guid(cb20ae1d22a7e4cf58a126036aa6eeb7) Importer(815301076,1909f56bfc062723c751e8b465ee728b)
Start importing Assets/Game Music Stingers and UI SFX Pack 2/UI_SFX/Collect Item/PP_Collect_Coin_1_1.wav using Guid(cb20ae1d22a7e4cf58a126036aa6eeb7) Importer(815301076,1909f56bfc062723c751e8b465ee728b)  -> (artifact id: '8f5f0d48778e8ba68e8c3e106c903992') in 0.022228 seconds
Number of updated asset objects reloaded before import = 0
Number of asset objects unloaded after import = 2
========================================================================
Received Import Request.
  Time since last request: 0.000032 seconds.
  path: Assets/Game Music Stingers and UI SFX Pack 2/UI_SFX/Collect Item/FA_Special_Item_2_1.wav
  artifactKey: Guid(eb2099ce8d95b47648489187f401cec4) Importer(815301076,1909f56bfc062723c751e8b465ee728b)
Start importing Assets/Game Music Stingers and UI SFX Pack 2/UI_SFX/Collect Item/FA_Special_Item_2_1.wav using Guid(eb2099ce8d95b47648489187f401cec4) Importer(815301076,1909f56bfc062723c751e8b465ee728b)  -> (artifact id: 'c028d60340446c247034fbeadd84f1b3') in 0.023877 seconds
Number of updated asset objects reloaded before import = 0
Number of asset objects unloaded after import = 2
========================================================================
Received Import Request.
  Time since last request: 0.000018 seconds.
  path: Assets/Game Music Stingers and UI SFX Pack 2/UI_SFX/Collect Item/FA_Special_Item_1_1.wav
  artifactKey: Guid(4c953e13865b040f792f26689321e27d) Importer(815301076,1909f56bfc062723c751e8b465ee728b)
Start importing Assets/Game Music Stingers and UI SFX Pack 2/UI_SFX/Collect Item/FA_Special_Item_1_1.wav using Guid(4c953e13865b040f792f26689321e27d) Importer(815301076,1909f56bfc062723c751e8b465ee728b)  -> (artifact id: '4e09bf613681970b9c59ddaa02fa9c96') in 0.013608 seconds
Number of updated asset objects reloaded before import = 0
Number of asset objects unloaded after import = 2
Editor requested this worker to shutdown with reason: Scaling down because of idle timeout
TcpMessagingSession - receive error: operation aborted. errorcode: 995, details: La operacin de E/S se anul por una salida de subproceso o por una solicitud de aplicacin.
AssetImportWorker is now disconnected from the server
Process exiting
Exiting without the bug reporter. Application will terminate with return code 0